{"level":"error","message":"[authentication-ms] Caught exception: TypeError: Cannot read properties of undefined (reading '_body')","service":"authentication-ms","timestamp":"2023-10-17 10:41:19"}
{"level":"error","message":"[authentication-ms] Caught exception: TypeError: Cannot read properties of undefined (reading 'transfer-encoding')","service":"authentication-ms","timestamp":"2023-10-17 10:41:47"}
{"level":"error","message":"[authentication-ms] Caught exception: TypeError: routes is not iterable","service":"authentication-ms","timestamp":"2023-10-17 11:17:48"}
{"level":"error","message":"[authentication-ms] Caught exception: TypeError: Cannot read properties of undefined (reading '_body')","service":"authentication-ms","timestamp":"2023-10-17 11:24:16"}
{"level":"error","message":"[authentication-ms] Caught exception: TypeError: Cannot read properties of undefined (reading '_body')","service":"authentication-ms","timestamp":"2023-10-17 11:24:21"}
{"level":"error","message":"[authentication-ms] Caught exception: TypeError: Cannot read properties of undefined (reading 'transfer-encoding')","service":"authentication-ms","timestamp":"2023-10-17 11:24:31"}
{"level":"error","message":"[authentication-ms] Caught exception: TypeError: Cannot read properties of undefined (reading '_body')","service":"authentication-ms","timestamp":"2023-10-17 11:36:47"}
{"level":"error","message":"[authentication-ms] Caught exception: TypeError: Cannot read properties of undefined (reading '_body')","service":"authentication-ms","timestamp":"2023-10-17 11:36:48"}
{"level":"error","message":"[authentication-ms] Caught exception: TypeError: Cannot read properties of undefined (reading '_body')","service":"authentication-ms","timestamp":"2023-10-17 11:36:50"}
{"level":"error","message":"[authentication-ms] Caught exception: TypeError: Cannot read properties of undefined (reading '_body')","service":"authentication-ms","timestamp":"2023-10-17 11:36:53"}
{"level":"error","message":"[authentication-ms] Caught exception: TypeError: Cannot read properties of undefined (reading '_body')","service":"authentication-ms","timestamp":"2023-10-17 11:37:10"}
{"level":"error","message":"[authentication-ms] Caught exception: TypeError: Cannot read properties of undefined (reading '_body')","service":"authentication-ms","timestamp":"2023-10-17 11:37:24"}
{"level":"error","message":"[authentication-ms] Caught exception: TypeError: Cannot read properties of undefined (reading '_body')","service":"authentication-ms","timestamp":"2023-10-17 11:38:08"}
{"level":"error","message":"[authentication-ms] Caught exception: TypeError: Cannot read properties of undefined (reading '_body')","service":"authentication-ms","timestamp":"2023-10-17 11:38:25"}
{"level":"error","message":"[authentication-ms] Caught exception: TypeError: Cannot read properties of undefined (reading '_body')","service":"authentication-ms","timestamp":"2023-10-17 11:39:26"}
{"level":"error","message":"[authentication-ms] Caught exception: TypeError: Cannot read properties of undefined (reading '_body')","service":"authentication-ms","timestamp":"2023-10-17 11:39:44"}
{"level":"error","message":"[authentication-ms] Caught exception: TypeError: Cannot read properties of undefined (reading 'transfer-encoding')","service":"authentication-ms","timestamp":"2023-10-17 11:39:48"}
{"level":"error","message":"[auth-ms]Caught exception: ReferenceError: rou is not defined","timestamp":"2023-10-20 12:26:29"}
{"level":"error","message":"[auth-ms]Caught exception: TypeError: app.use() requires a middleware function","timestamp":"2023-10-20 12:28:17"}
{"level":"error","message":"[auth-ms]Caught exception: ReferenceError: req is not defined","timestamp":"2023-10-20 12:28:23"}
{"level":"error","message":"[auth-ms]Caught exception: ReferenceError: req is not defined","timestamp":"2023-10-20 12:28:26"}
{"level":"error","message":"[auth-ms]Caught exception: ReferenceError: req is not defined","timestamp":"2023-10-20 12:28:29"}
{"level":"error","message":"[auth-ms]Caught exception: ReferenceError: req is not defined","timestamp":"2023-10-20 12:28:33"}
{"level":"error","message":"[auth-ms]Caught exception: TypeError: Cannot read properties of undefined (reading '_body')","timestamp":"2023-10-20 12:31:56"}
{"level":"error","message":"[auth-ms]Caught exception: TypeError: Cannot read properties of undefined (reading 'transfer-encoding')","timestamp":"2023-10-20 12:32:03"}
{"date":"Fri Oct 20 2023 12:37:27 GMT+0200 (Central European Summer Time)","error":{"address":"127.0.0.1","code":"EADDRINUSE","errno":-4091,"port":3000,"syscall":"listen"},"exception":true,"level":"error","message":"uncaughtException: listen EADDRINUSE: address already in use 127.0.0.1:3000\nError: listen EADDRINUSE: address already in use 127.0.0.1:3000\n    at Server.setupListenHandle [as _listen2] (node:net:1872:16)\n    at listenInCluster (node:net:1920:12)\n    at doListen (node:net:2069:7)\n    at processTicksAndRejections (node:internal/process/task_queues:83:21)","os":{"loadavg":[0,0,0],"uptime":345095.875},"process":{"argv":["C:\\Users\\eleni\\OneDrive\\Desktop\\authentication-ms\\node_modules\\ts-node\\dist\\bin.js","C:\\Users\\eleni\\OneDrive\\Desktop\\authentication-ms\\src\\app\\index.ts"],"cwd":"C:\\Users\\eleni\\OneDrive\\Desktop\\authentication-ms","execPath":"C:\\Users\\eleni\\OneDrive\\Desktop\\authentication-ms\\node_modules\\node\\bin\\node.exe","gid":null,"memoryUsage":{"arrayBuffers":1935395,"external":4910321,"heapTotal":68198400,"heapUsed":40132304,"rss":93470720},"pid":30832,"uid":null,"version":"v21.0.0"},"stack":"Error: listen EADDRINUSE: address already in use 127.0.0.1:3000\n    at Server.setupListenHandle [as _listen2] (node:net:1872:16)\n    at listenInCluster (node:net:1920:12)\n    at doListen (node:net:2069:7)\n    at processTicksAndRejections (node:internal/process/task_queues:83:21)","timestamp":"2023-10-20 12:37:27","trace":[{"column":16,"file":"node:net","function":"Server.setupListenHandle [as _listen2]","line":1872,"method":"setupListenHandle [as _listen2]","native":false},{"column":12,"file":"node:net","function":"listenInCluster","line":1920,"method":null,"native":false},{"column":7,"file":"node:net","function":"doListen","line":2069,"method":null,"native":false},{"column":21,"file":"node:internal/process/task_queues","function":"processTicksAndRejections","line":83,"method":null,"native":false}]}
{"level":"error","message":"[auth-ms]Caught exception: ReferenceError: rout is not defined","timestamp":"2023-10-20 12:37:41"}
{"level":"error","message":"[auth-ms]Caught exception: TypeError: Cannot read properties of undefined (reading 'length')","timestamp":"2023-10-20 12:37:55"}
{"level":"error","message":"[auth-ms]Caught exception: ReferenceError: routh is not defined","timestamp":"2023-10-20 12:38:10"}
{"level":"error","message":"[auth-ms]Caught exception: ReferenceError: rou is not defined","timestamp":"2023-10-20 12:38:14"}
{"level":"error","message":"[auth-ms]Caught exception: TypeError: routes is not iterable","timestamp":"2023-10-20 12:38:44"}
{"level":"error","message":"[auth-ms]Caught exception: TypeError: routes is not iterable","timestamp":"2023-10-20 12:38:45"}
{"level":"error","message":"[auth-ms]Caught exception: TypeError: routes is not iterable","timestamp":"2023-10-20 12:39:15"}
{"date":"Fri Oct 20 2023 12:49:49 GMT+0200 (Central European Summer Time)","error":{},"exception":true,"level":"error","message":"uncaughtException: get is not defined\nReferenceError: get is not defined\n    at Object.<anonymous> (C:\\Users\\eleni\\OneDrive\\Desktop\\authentication-ms\\src\\app\\component\\controller\\index.ts:22:53)\n    at Module._compile (node:internal/modules/cjs/loader:1369:14)\n    at Module.m._compile (C:\\Users\\eleni\\OneDrive\\Desktop\\authentication-ms\\node_modules\\ts-node\\src\\index.ts:1618:23)\n    at Module._extensions..js (node:internal/modules/cjs/loader:1427:10)\n    at Object.require.extensions.<computed> [as .ts] (C:\\Users\\eleni\\OneDrive\\Desktop\\authentication-ms\\node_modules\\ts-node\\src\\index.ts:1621:12)\n    at Module.load (node:internal/modules/cjs/loader:1201:32)\n    at Function.Module._load (node:internal/modules/cjs/loader:1017:12)\n    at Module.require (node:internal/modules/cjs/loader:1229:19)\n    at require (node:internal/modules/helpers:177:18)\n    at Object.<anonymous> (C:\\Users\\eleni\\OneDrive\\Desktop\\authentication-ms\\src\\app\\initializers\\express\\libs\\express.ts:7:1)","os":{"loadavg":[0,0,0],"uptime":345837.14},"process":{"argv":["C:\\Users\\eleni\\OneDrive\\Desktop\\authentication-ms\\node_modules\\ts-node\\dist\\bin.js","C:\\Users\\eleni\\OneDrive\\Desktop\\authentication-ms\\src\\app\\index.ts"],"cwd":"C:\\Users\\eleni\\OneDrive\\Desktop\\authentication-ms","execPath":"C:\\Users\\eleni\\OneDrive\\Desktop\\authentication-ms\\node_modules\\node\\bin\\node.exe","gid":null,"memoryUsage":{"arrayBuffers":1943723,"external":4866835,"heapTotal":68120576,"heapUsed":40881696,"rss":92725248},"pid":30596,"uid":null,"version":"v21.0.0"},"stack":"ReferenceError: get is not defined\n    at Object.<anonymous> (C:\\Users\\eleni\\OneDrive\\Desktop\\authentication-ms\\src\\app\\component\\controller\\index.ts:22:53)\n    at Module._compile (node:internal/modules/cjs/loader:1369:14)\n    at Module.m._compile (C:\\Users\\eleni\\OneDrive\\Desktop\\authentication-ms\\node_modules\\ts-node\\src\\index.ts:1618:23)\n    at Module._extensions..js (node:internal/modules/cjs/loader:1427:10)\n    at Object.require.extensions.<computed> [as .ts] (C:\\Users\\eleni\\OneDrive\\Desktop\\authentication-ms\\node_modules\\ts-node\\src\\index.ts:1621:12)\n    at Module.load (node:internal/modules/cjs/loader:1201:32)\n    at Function.Module._load (node:internal/modules/cjs/loader:1017:12)\n    at Module.require (node:internal/modules/cjs/loader:1229:19)\n    at require (node:internal/modules/helpers:177:18)\n    at Object.<anonymous> (C:\\Users\\eleni\\OneDrive\\Desktop\\authentication-ms\\src\\app\\initializers\\express\\libs\\express.ts:7:1)","timestamp":"2023-10-20 12:49:49","trace":[{"column":53,"file":"C:\\Users\\eleni\\OneDrive\\Desktop\\authentication-ms\\src\\app\\component\\controller\\index.ts","function":null,"line":22,"method":null,"native":false},{"column":14,"file":"node:internal/modules/cjs/loader","function":"Module._compile","line":1369,"method":"_compile","native":false},{"column":23,"file":"C:\\Users\\eleni\\OneDrive\\Desktop\\authentication-ms\\node_modules\\ts-node\\src\\index.ts","function":"Module.m._compile","line":1618,"method":"_compile","native":false},{"column":10,"file":"node:internal/modules/cjs/loader","function":"Module._extensions..js","line":1427,"method":".js","native":false},{"column":12,"file":"C:\\Users\\eleni\\OneDrive\\Desktop\\authentication-ms\\node_modules\\ts-node\\src\\index.ts","function":"Object.require.extensions.<computed> [as .ts]","line":1621,"method":"ts]","native":false},{"column":32,"file":"node:internal/modules/cjs/loader","function":"Module.load","line":1201,"method":"load","native":false},{"column":12,"file":"node:internal/modules/cjs/loader","function":"Module._load","line":1017,"method":"_load","native":false},{"column":19,"file":"node:internal/modules/cjs/loader","function":"Module.require","line":1229,"method":"require","native":false},{"column":18,"file":"node:internal/modules/helpers","function":"require","line":177,"method":null,"native":false},{"column":1,"file":"C:\\Users\\eleni\\OneDrive\\Desktop\\authentication-ms\\src\\app\\initializers\\express\\libs\\express.ts","function":null,"line":7,"method":null,"native":false}]}
{"date":"Fri Oct 20 2023 12:49:59 GMT+0200 (Central European Summer Time)","error":{},"exception":true,"level":"error","message":"uncaughtException: get is not defined\nReferenceError: get is not defined\n    at Object.<anonymous> (C:\\Users\\eleni\\OneDrive\\Desktop\\authentication-ms\\src\\app\\component\\controller\\index.ts:31:53)\n    at Module._compile (node:internal/modules/cjs/loader:1369:14)\n    at Module.m._compile (C:\\Users\\eleni\\OneDrive\\Desktop\\authentication-ms\\node_modules\\ts-node\\src\\index.ts:1618:23)\n    at Module._extensions..js (node:internal/modules/cjs/loader:1427:10)\n    at Object.require.extensions.<computed> [as .ts] (C:\\Users\\eleni\\OneDrive\\Desktop\\authentication-ms\\node_modules\\ts-node\\src\\index.ts:1621:12)\n    at Module.load (node:internal/modules/cjs/loader:1201:32)\n    at Function.Module._load (node:internal/modules/cjs/loader:1017:12)\n    at Module.require (node:internal/modules/cjs/loader:1229:19)\n    at require (node:internal/modules/helpers:177:18)\n    at Object.<anonymous> (C:\\Users\\eleni\\OneDrive\\Desktop\\authentication-ms\\src\\app\\initializers\\express\\libs\\express.ts:7:1)","os":{"loadavg":[0,0,0],"uptime":345847.921},"process":{"argv":["C:\\Users\\eleni\\OneDrive\\Desktop\\authentication-ms\\node_modules\\ts-node\\dist\\bin.js","C:\\Users\\eleni\\OneDrive\\Desktop\\authentication-ms\\src\\app\\index.ts"],"cwd":"C:\\Users\\eleni\\OneDrive\\Desktop\\authentication-ms","execPath":"C:\\Users\\eleni\\OneDrive\\Desktop\\authentication-ms\\node_modules\\node\\bin\\node.exe","gid":null,"memoryUsage":{"arrayBuffers":1943659,"external":4866771,"heapTotal":68120576,"heapUsed":41288760,"rss":92684288},"pid":44620,"uid":null,"version":"v21.0.0"},"stack":"ReferenceError: get is not defined\n    at Object.<anonymous> (C:\\Users\\eleni\\OneDrive\\Desktop\\authentication-ms\\src\\app\\component\\controller\\index.ts:31:53)\n    at Module._compile (node:internal/modules/cjs/loader:1369:14)\n    at Module.m._compile (C:\\Users\\eleni\\OneDrive\\Desktop\\authentication-ms\\node_modules\\ts-node\\src\\index.ts:1618:23)\n    at Module._extensions..js (node:internal/modules/cjs/loader:1427:10)\n    at Object.require.extensions.<computed> [as .ts] (C:\\Users\\eleni\\OneDrive\\Desktop\\authentication-ms\\node_modules\\ts-node\\src\\index.ts:1621:12)\n    at Module.load (node:internal/modules/cjs/loader:1201:32)\n    at Function.Module._load (node:internal/modules/cjs/loader:1017:12)\n    at Module.require (node:internal/modules/cjs/loader:1229:19)\n    at require (node:internal/modules/helpers:177:18)\n    at Object.<anonymous> (C:\\Users\\eleni\\OneDrive\\Desktop\\authentication-ms\\src\\app\\initializers\\express\\libs\\express.ts:7:1)","timestamp":"2023-10-20 12:49:59","trace":[{"column":53,"file":"C:\\Users\\eleni\\OneDrive\\Desktop\\authentication-ms\\src\\app\\component\\controller\\index.ts","function":null,"line":31,"method":null,"native":false},{"column":14,"file":"node:internal/modules/cjs/loader","function":"Module._compile","line":1369,"method":"_compile","native":false},{"column":23,"file":"C:\\Users\\eleni\\OneDrive\\Desktop\\authentication-ms\\node_modules\\ts-node\\src\\index.ts","function":"Module.m._compile","line":1618,"method":"_compile","native":false},{"column":10,"file":"node:internal/modules/cjs/loader","function":"Module._extensions..js","line":1427,"method":".js","native":false},{"column":12,"file":"C:\\Users\\eleni\\OneDrive\\Desktop\\authentication-ms\\node_modules\\ts-node\\src\\index.ts","function":"Object.require.extensions.<computed> [as .ts]","line":1621,"method":"ts]","native":false},{"column":32,"file":"node:internal/modules/cjs/loader","function":"Module.load","line":1201,"method":"load","native":false},{"column":12,"file":"node:internal/modules/cjs/loader","function":"Module._load","line":1017,"method":"_load","native":false},{"column":19,"file":"node:internal/modules/cjs/loader","function":"Module.require","line":1229,"method":"require","native":false},{"column":18,"file":"node:internal/modules/helpers","function":"require","line":177,"method":null,"native":false},{"column":1,"file":"C:\\Users\\eleni\\OneDrive\\Desktop\\authentication-ms\\src\\app\\initializers\\express\\libs\\express.ts","function":null,"line":7,"method":null,"native":false}]}
{"date":"Fri Oct 20 2023 12:50:25 GMT+0200 (Central European Summer Time)","error":{},"exception":true,"level":"error","message":"uncaughtException: getEp is not defined\nReferenceError: getEp is not defined\n    at Object.<anonymous> (C:\\Users\\eleni\\OneDrive\\Desktop\\authentication-ms\\src\\app\\component\\controller\\index.ts:31:53)\n    at Module._compile (node:internal/modules/cjs/loader:1369:14)\n    at Module.m._compile (C:\\Users\\eleni\\OneDrive\\Desktop\\authentication-ms\\node_modules\\ts-node\\src\\index.ts:1618:23)\n    at Module._extensions..js (node:internal/modules/cjs/loader:1427:10)\n    at Object.require.extensions.<computed> [as .ts] (C:\\Users\\eleni\\OneDrive\\Desktop\\authentication-ms\\node_modules\\ts-node\\src\\index.ts:1621:12)\n    at Module.load (node:internal/modules/cjs/loader:1201:32)\n    at Function.Module._load (node:internal/modules/cjs/loader:1017:12)\n    at Module.require (node:internal/modules/cjs/loader:1229:19)\n    at require (node:internal/modules/helpers:177:18)\n    at Object.<anonymous> (C:\\Users\\eleni\\OneDrive\\Desktop\\authentication-ms\\src\\app\\initializers\\express\\libs\\express.ts:7:1)","os":{"loadavg":[0,0,0],"uptime":345873.828},"process":{"argv":["C:\\Users\\eleni\\OneDrive\\Desktop\\authentication-ms\\node_modules\\ts-node\\dist\\bin.js","C:\\Users\\eleni\\OneDrive\\Desktop\\authentication-ms\\src\\app\\index.ts"],"cwd":"C:\\Users\\eleni\\OneDrive\\Desktop\\authentication-ms","execPath":"C:\\Users\\eleni\\OneDrive\\Desktop\\authentication-ms\\node_modules\\node\\bin\\node.exe","gid":null,"memoryUsage":{"arrayBuffers":1943531,"external":4866643,"heapTotal":68120576,"heapUsed":41125088,"rss":92872704},"pid":9900,"uid":null,"version":"v21.0.0"},"stack":"ReferenceError: getEp is not defined\n    at Object.<anonymous> (C:\\Users\\eleni\\OneDrive\\Desktop\\authentication-ms\\src\\app\\component\\controller\\index.ts:31:53)\n    at Module._compile (node:internal/modules/cjs/loader:1369:14)\n    at Module.m._compile (C:\\Users\\eleni\\OneDrive\\Desktop\\authentication-ms\\node_modules\\ts-node\\src\\index.ts:1618:23)\n    at Module._extensions..js (node:internal/modules/cjs/loader:1427:10)\n    at Object.require.extensions.<computed> [as .ts] (C:\\Users\\eleni\\OneDrive\\Desktop\\authentication-ms\\node_modules\\ts-node\\src\\index.ts:1621:12)\n    at Module.load (node:internal/modules/cjs/loader:1201:32)\n    at Function.Module._load (node:internal/modules/cjs/loader:1017:12)\n    at Module.require (node:internal/modules/cjs/loader:1229:19)\n    at require (node:internal/modules/helpers:177:18)\n    at Object.<anonymous> (C:\\Users\\eleni\\OneDrive\\Desktop\\authentication-ms\\src\\app\\initializers\\express\\libs\\express.ts:7:1)","timestamp":"2023-10-20 12:50:25","trace":[{"column":53,"file":"C:\\Users\\eleni\\OneDrive\\Desktop\\authentication-ms\\src\\app\\component\\controller\\index.ts","function":null,"line":31,"method":null,"native":false},{"column":14,"file":"node:internal/modules/cjs/loader","function":"Module._compile","line":1369,"method":"_compile","native":false},{"column":23,"file":"C:\\Users\\eleni\\OneDrive\\Desktop\\authentication-ms\\node_modules\\ts-node\\src\\index.ts","function":"Module.m._compile","line":1618,"method":"_compile","native":false},{"column":10,"file":"node:internal/modules/cjs/loader","function":"Module._extensions..js","line":1427,"method":".js","native":false},{"column":12,"file":"C:\\Users\\eleni\\OneDrive\\Desktop\\authentication-ms\\node_modules\\ts-node\\src\\index.ts","function":"Object.require.extensions.<computed> [as .ts]","line":1621,"method":"ts]","native":false},{"column":32,"file":"node:internal/modules/cjs/loader","function":"Module.load","line":1201,"method":"load","native":false},{"column":12,"file":"node:internal/modules/cjs/loader","function":"Module._load","line":1017,"method":"_load","native":false},{"column":19,"file":"node:internal/modules/cjs/loader","function":"Module.require","line":1229,"method":"require","native":false},{"column":18,"file":"node:internal/modules/helpers","function":"require","line":177,"method":null,"native":false},{"column":1,"file":"C:\\Users\\eleni\\OneDrive\\Desktop\\authentication-ms\\src\\app\\initializers\\express\\libs\\express.ts","function":null,"line":7,"method":null,"native":false}]}
{"date":"Fri Oct 20 2023 12:55:09 GMT+0200 (Central European Summer Time)","error":{"code":"ERR_INVALID_ARG_VALUE"},"exception":true,"level":"error","message":"uncaughtException: The argument 'id' must be a non-empty string. Received ''\nTypeError: The argument 'id' must be a non-empty string. Received ''\n    at Module.require (node:internal/modules/cjs/loader:1224:11)\n    at require (node:internal/modules/helpers:177:18)\n    at Object.<anonymous> (C:\\Users\\eleni\\OneDrive\\Desktop\\authentication-ms\\src\\app\\component\\controller\\index.ts:3:1)\n    at Module._compile (node:internal/modules/cjs/loader:1369:14)\n    at Module.m._compile (C:\\Users\\eleni\\OneDrive\\Desktop\\authentication-ms\\node_modules\\ts-node\\src\\index.ts:1618:23)\n    at Module._extensions..js (node:internal/modules/cjs/loader:1427:10)\n    at Object.require.extensions.<computed> [as .ts] (C:\\Users\\eleni\\OneDrive\\Desktop\\authentication-ms\\node_modules\\ts-node\\src\\index.ts:1621:12)\n    at Module.load (node:internal/modules/cjs/loader:1201:32)\n    at Function.Module._load (node:internal/modules/cjs/loader:1017:12)\n    at Module.require (node:internal/modules/cjs/loader:1229:19)","os":{"loadavg":[0,0,0],"uptime":346157.14},"process":{"argv":["C:\\Users\\eleni\\OneDrive\\Desktop\\authentication-ms\\node_modules\\ts-node\\dist\\bin.js","C:\\Users\\eleni\\OneDrive\\Desktop\\authentication-ms\\src\\app\\index.ts"],"cwd":"C:\\Users\\eleni\\OneDrive\\Desktop\\authentication-ms","execPath":"C:\\Users\\eleni\\OneDrive\\Desktop\\authentication-ms\\node_modules\\node\\bin\\node.exe","gid":null,"memoryUsage":{"arrayBuffers":1943563,"external":4866675,"heapTotal":68382720,"heapUsed":41365264,"rss":92102656},"pid":23044,"uid":null,"version":"v21.0.0"},"stack":"TypeError: The argument 'id' must be a non-empty string. Received ''\n    at Module.require (node:internal/modules/cjs/loader:1224:11)\n    at require (node:internal/modules/helpers:177:18)\n    at Object.<anonymous> (C:\\Users\\eleni\\OneDrive\\Desktop\\authentication-ms\\src\\app\\component\\controller\\index.ts:3:1)\n    at Module._compile (node:internal/modules/cjs/loader:1369:14)\n    at Module.m._compile (C:\\Users\\eleni\\OneDrive\\Desktop\\authentication-ms\\node_modules\\ts-node\\src\\index.ts:1618:23)\n    at Module._extensions..js (node:internal/modules/cjs/loader:1427:10)\n    at Object.require.extensions.<computed> [as .ts] (C:\\Users\\eleni\\OneDrive\\Desktop\\authentication-ms\\node_modules\\ts-node\\src\\index.ts:1621:12)\n    at Module.load (node:internal/modules/cjs/loader:1201:32)\n    at Function.Module._load (node:internal/modules/cjs/loader:1017:12)\n    at Module.require (node:internal/modules/cjs/loader:1229:19)","timestamp":"2023-10-20 12:55:09","trace":[{"column":11,"file":"node:internal/modules/cjs/loader","function":"Module.require","line":1224,"method":"require","native":false},{"column":18,"file":"node:internal/modules/helpers","function":"require","line":177,"method":null,"native":false},{"column":1,"file":"C:\\Users\\eleni\\OneDrive\\Desktop\\authentication-ms\\src\\app\\component\\controller\\index.ts","function":null,"line":3,"method":null,"native":false},{"column":14,"file":"node:internal/modules/cjs/loader","function":"Module._compile","line":1369,"method":"_compile","native":false},{"column":23,"file":"C:\\Users\\eleni\\OneDrive\\Desktop\\authentication-ms\\node_modules\\ts-node\\src\\index.ts","function":"Module.m._compile","line":1618,"method":"_compile","native":false},{"column":10,"file":"node:internal/modules/cjs/loader","function":"Module._extensions..js","line":1427,"method":".js","native":false},{"column":12,"file":"C:\\Users\\eleni\\OneDrive\\Desktop\\authentication-ms\\node_modules\\ts-node\\src\\index.ts","function":"Object.require.extensions.<computed> [as .ts]","line":1621,"method":"ts]","native":false},{"column":32,"file":"node:internal/modules/cjs/loader","function":"Module.load","line":1201,"method":"load","native":false},{"column":12,"file":"node:internal/modules/cjs/loader","function":"Module._load","line":1017,"method":"_load","native":false},{"column":19,"file":"node:internal/modules/cjs/loader","function":"Module.require","line":1229,"method":"require","native":false}]}
{"date":"Fri Oct 20 2023 12:55:10 GMT+0200 (Central European Summer Time)","error":{"code":"MODULE_NOT_FOUND","requireStack":["C:\\Users\\eleni\\OneDrive\\Desktop\\authentication-ms\\src\\app\\component\\controller\\index.ts","C:\\Users\\eleni\\OneDrive\\Desktop\\authentication-ms\\src\\app\\initializers\\express\\libs\\express.ts","C:\\Users\\eleni\\OneDrive\\Desktop\\authentication-ms\\src\\app\\initializers\\express\\index.ts","C:\\Users\\eleni\\OneDrive\\Desktop\\authentication-ms\\src\\app\\index.ts"]},"exception":true,"level":"error","message":"uncaughtException: Cannot find module '..'\nRequire stack:\n- C:\\Users\\eleni\\OneDrive\\Desktop\\authentication-ms\\src\\app\\component\\controller\\index.ts\n- C:\\Users\\eleni\\OneDrive\\Desktop\\authentication-ms\\src\\app\\initializers\\express\\libs\\express.ts\n- C:\\Users\\eleni\\OneDrive\\Desktop\\authentication-ms\\src\\app\\initializers\\express\\index.ts\n- C:\\Users\\eleni\\OneDrive\\Desktop\\authentication-ms\\src\\app\\index.ts\nError: Cannot find module '..'\nRequire stack:\n- C:\\Users\\eleni\\OneDrive\\Desktop\\authentication-ms\\src\\app\\component\\controller\\index.ts\n- C:\\Users\\eleni\\OneDrive\\Desktop\\authentication-ms\\src\\app\\initializers\\express\\libs\\express.ts\n- C:\\Users\\eleni\\OneDrive\\Desktop\\authentication-ms\\src\\app\\initializers\\express\\index.ts\n- C:\\Users\\eleni\\OneDrive\\Desktop\\authentication-ms\\src\\app\\index.ts\n    at Function.Module._resolveFilename (node:internal/modules/cjs/loader:1138:15)\n    at Function.Module._resolveFilename.sharedData.moduleResolveFilenameHook.installedValue [as _resolveFilename] (C:\\Users\\eleni\\OneDrive\\Desktop\\authentication-ms\\node_modules\\@cspotcode\\source-map-support\\source-map-support.js:811:30)\n    at Function.Module._load (node:internal/modules/cjs/loader:979:27)\n    at Module.require (node:internal/modules/cjs/loader:1229:19)\n    at require (node:internal/modules/helpers:177:18)\n    at Object.<anonymous> (C:\\Users\\eleni\\OneDrive\\Desktop\\authentication-ms\\src\\app\\component\\controller\\index.ts:3:1)\n    at Module._compile (node:internal/modules/cjs/loader:1369:14)\n    at Module.m._compile (C:\\Users\\eleni\\OneDrive\\Desktop\\authentication-ms\\node_modules\\ts-node\\src\\index.ts:1618:23)\n    at Module._extensions..js (node:internal/modules/cjs/loader:1427:10)\n    at Object.require.extensions.<computed> [as .ts] (C:\\Users\\eleni\\OneDrive\\Desktop\\authentication-ms\\node_modules\\ts-node\\src\\index.ts:1621:12)","os":{"loadavg":[0,0,0],"uptime":346158.718},"process":{"argv":["C:\\Users\\eleni\\OneDrive\\Desktop\\authentication-ms\\node_modules\\ts-node\\dist\\bin.js","C:\\Users\\eleni\\OneDrive\\Desktop\\authentication-ms\\src\\app\\index.ts"],"cwd":"C:\\Users\\eleni\\OneDrive\\Desktop\\authentication-ms","execPath":"C:\\Users\\eleni\\OneDrive\\Desktop\\authentication-ms\\node_modules\\node\\bin\\node.exe","gid":null,"memoryUsage":{"arrayBuffers":1943627,"external":4866739,"heapTotal":68120576,"heapUsed":41230376,"rss":92069888},"pid":25596,"uid":null,"version":"v21.0.0"},"stack":"Error: Cannot find module '..'\nRequire stack:\n- C:\\Users\\eleni\\OneDrive\\Desktop\\authentication-ms\\src\\app\\component\\controller\\index.ts\n- C:\\Users\\eleni\\OneDrive\\Desktop\\authentication-ms\\src\\app\\initializers\\express\\libs\\express.ts\n- C:\\Users\\eleni\\OneDrive\\Desktop\\authentication-ms\\src\\app\\initializers\\express\\index.ts\n- C:\\Users\\eleni\\OneDrive\\Desktop\\authentication-ms\\src\\app\\index.ts\n    at Function.Module._resolveFilename (node:internal/modules/cjs/loader:1138:15)\n    at Function.Module._resolveFilename.sharedData.moduleResolveFilenameHook.installedValue [as _resolveFilename] (C:\\Users\\eleni\\OneDrive\\Desktop\\authentication-ms\\node_modules\\@cspotcode\\source-map-support\\source-map-support.js:811:30)\n    at Function.Module._load (node:internal/modules/cjs/loader:979:27)\n    at Module.require (node:internal/modules/cjs/loader:1229:19)\n    at require (node:internal/modules/helpers:177:18)\n    at Object.<anonymous> (C:\\Users\\eleni\\OneDrive\\Desktop\\authentication-ms\\src\\app\\component\\controller\\index.ts:3:1)\n    at Module._compile (node:internal/modules/cjs/loader:1369:14)\n    at Module.m._compile (C:\\Users\\eleni\\OneDrive\\Desktop\\authentication-ms\\node_modules\\ts-node\\src\\index.ts:1618:23)\n    at Module._extensions..js (node:internal/modules/cjs/loader:1427:10)\n    at Object.require.extensions.<computed> [as .ts] (C:\\Users\\eleni\\OneDrive\\Desktop\\authentication-ms\\node_modules\\ts-node\\src\\index.ts:1621:12)","timestamp":"2023-10-20 12:55:10","trace":[{"column":15,"file":"node:internal/modules/cjs/loader","function":"Module._resolveFilename","line":1138,"method":"_resolveFilename","native":false},{"column":30,"file":"C:\\Users\\eleni\\OneDrive\\Desktop\\authentication-ms\\node_modules\\@cspotcode\\source-map-support\\source-map-support.js","function":"Module._resolveFilename.sharedData.moduleResolveFilenameHook.installedValue [as _resolveFilename]","line":811,"method":"installedValue [as _resolveFilename]","native":false},{"column":27,"file":"node:internal/modules/cjs/loader","function":"Module._load","line":979,"method":"_load","native":false},{"column":19,"file":"node:internal/modules/cjs/loader","function":"Module.require","line":1229,"method":"require","native":false},{"column":18,"file":"node:internal/modules/helpers","function":"require","line":177,"method":null,"native":false},{"column":1,"file":"C:\\Users\\eleni\\OneDrive\\Desktop\\authentication-ms\\src\\app\\component\\controller\\index.ts","function":null,"line":3,"method":null,"native":false},{"column":14,"file":"node:internal/modules/cjs/loader","function":"Module._compile","line":1369,"method":"_compile","native":false},{"column":23,"file":"C:\\Users\\eleni\\OneDrive\\Desktop\\authentication-ms\\node_modules\\ts-node\\src\\index.ts","function":"Module.m._compile","line":1618,"method":"_compile","native":false},{"column":10,"file":"node:internal/modules/cjs/loader","function":"Module._extensions..js","line":1427,"method":".js","native":false},{"column":12,"file":"C:\\Users\\eleni\\OneDrive\\Desktop\\authentication-ms\\node_modules\\ts-node\\src\\index.ts","function":"Object.require.extensions.<computed> [as .ts]","line":1621,"method":"ts]","native":false}]}
{"date":"Fri Oct 20 2023 12:55:12 GMT+0200 (Central European Summer Time)","error":{"code":"MODULE_NOT_FOUND","requireStack":["C:\\Users\\eleni\\OneDrive\\Desktop\\authentication-ms\\src\\app\\component\\controller\\index.ts","C:\\Users\\eleni\\OneDrive\\Desktop\\authentication-ms\\src\\app\\initializers\\express\\libs\\express.ts","C:\\Users\\eleni\\OneDrive\\Desktop\\authentication-ms\\src\\app\\initializers\\express\\index.ts","C:\\Users\\eleni\\OneDrive\\Desktop\\authentication-ms\\src\\app\\index.ts"]},"exception":true,"level":"error","message":"uncaughtException: Cannot find module '../'\nRequire stack:\n- C:\\Users\\eleni\\OneDrive\\Desktop\\authentication-ms\\src\\app\\component\\controller\\index.ts\n- C:\\Users\\eleni\\OneDrive\\Desktop\\authentication-ms\\src\\app\\initializers\\express\\libs\\express.ts\n- C:\\Users\\eleni\\OneDrive\\Desktop\\authentication-ms\\src\\app\\initializers\\express\\index.ts\n- C:\\Users\\eleni\\OneDrive\\Desktop\\authentication-ms\\src\\app\\index.ts\nError: Cannot find module '../'\nRequire stack:\n- C:\\Users\\eleni\\OneDrive\\Desktop\\authentication-ms\\src\\app\\component\\controller\\index.ts\n- C:\\Users\\eleni\\OneDrive\\Desktop\\authentication-ms\\src\\app\\initializers\\express\\libs\\express.ts\n- C:\\Users\\eleni\\OneDrive\\Desktop\\authentication-ms\\src\\app\\initializers\\express\\index.ts\n- C:\\Users\\eleni\\OneDrive\\Desktop\\authentication-ms\\src\\app\\index.ts\n    at Function.Module._resolveFilename (node:internal/modules/cjs/loader:1138:15)\n    at Function.Module._resolveFilename.sharedData.moduleResolveFilenameHook.installedValue [as _resolveFilename] (C:\\Users\\eleni\\OneDrive\\Desktop\\authentication-ms\\node_modules\\@cspotcode\\source-map-support\\source-map-support.js:811:30)\n    at Function.Module._load (node:internal/modules/cjs/loader:979:27)\n    at Module.require (node:internal/modules/cjs/loader:1229:19)\n    at require (node:internal/modules/helpers:177:18)\n    at Object.<anonymous> (C:\\Users\\eleni\\OneDrive\\Desktop\\authentication-ms\\src\\app\\component\\controller\\index.ts:3:1)\n    at Module._compile (node:internal/modules/cjs/loader:1369:14)\n    at Module.m._compile (C:\\Users\\eleni\\OneDrive\\Desktop\\authentication-ms\\node_modules\\ts-node\\src\\index.ts:1618:23)\n    at Module._extensions..js (node:internal/modules/cjs/loader:1427:10)\n    at Object.require.extensions.<computed> [as .ts] (C:\\Users\\eleni\\OneDrive\\Desktop\\authentication-ms\\node_modules\\ts-node\\src\\index.ts:1621:12)","os":{"loadavg":[0,0,0],"uptime":346160.328},"process":{"argv":["C:\\Users\\eleni\\OneDrive\\Desktop\\authentication-ms\\node_modules\\ts-node\\dist\\bin.js","C:\\Users\\eleni\\OneDrive\\Desktop\\authentication-ms\\src\\app\\index.ts"],"cwd":"C:\\Users\\eleni\\OneDrive\\Desktop\\authentication-ms","execPath":"C:\\Users\\eleni\\OneDrive\\Desktop\\authentication-ms\\node_modules\\node\\bin\\node.exe","gid":null,"memoryUsage":{"arrayBuffers":1943659,"external":4866771,"heapTotal":68120576,"heapUsed":41357000,"rss":92565504},"pid":33136,"uid":null,"version":"v21.0.0"},"stack":"Error: Cannot find module '../'\nRequire stack:\n- C:\\Users\\eleni\\OneDrive\\Desktop\\authentication-ms\\src\\app\\component\\controller\\index.ts\n- C:\\Users\\eleni\\OneDrive\\Desktop\\authentication-ms\\src\\app\\initializers\\express\\libs\\express.ts\n- C:\\Users\\eleni\\OneDrive\\Desktop\\authentication-ms\\src\\app\\initializers\\express\\index.ts\n- C:\\Users\\eleni\\OneDrive\\Desktop\\authentication-ms\\src\\app\\index.ts\n    at Function.Module._resolveFilename (node:internal/modules/cjs/loader:1138:15)\n    at Function.Module._resolveFilename.sharedData.moduleResolveFilenameHook.installedValue [as _resolveFilename] (C:\\Users\\eleni\\OneDrive\\Desktop\\authentication-ms\\node_modules\\@cspotcode\\source-map-support\\source-map-support.js:811:30)\n    at Function.Module._load (node:internal/modules/cjs/loader:979:27)\n    at Module.require (node:internal/modules/cjs/loader:1229:19)\n    at require (node:internal/modules/helpers:177:18)\n    at Object.<anonymous> (C:\\Users\\eleni\\OneDrive\\Desktop\\authentication-ms\\src\\app\\component\\controller\\index.ts:3:1)\n    at Module._compile (node:internal/modules/cjs/loader:1369:14)\n    at Module.m._compile (C:\\Users\\eleni\\OneDrive\\Desktop\\authentication-ms\\node_modules\\ts-node\\src\\index.ts:1618:23)\n    at Module._extensions..js (node:internal/modules/cjs/loader:1427:10)\n    at Object.require.extensions.<computed> [as .ts] (C:\\Users\\eleni\\OneDrive\\Desktop\\authentication-ms\\node_modules\\ts-node\\src\\index.ts:1621:12)","timestamp":"2023-10-20 12:55:12","trace":[{"column":15,"file":"node:internal/modules/cjs/loader","function":"Module._resolveFilename","line":1138,"method":"_resolveFilename","native":false},{"column":30,"file":"C:\\Users\\eleni\\OneDrive\\Desktop\\authentication-ms\\node_modules\\@cspotcode\\source-map-support\\source-map-support.js","function":"Module._resolveFilename.sharedData.moduleResolveFilenameHook.installedValue [as _resolveFilename]","line":811,"method":"installedValue [as _resolveFilename]","native":false},{"column":27,"file":"node:internal/modules/cjs/loader","function":"Module._load","line":979,"method":"_load","native":false},{"column":19,"file":"node:internal/modules/cjs/loader","function":"Module.require","line":1229,"method":"require","native":false},{"column":18,"file":"node:internal/modules/helpers","function":"require","line":177,"method":null,"native":false},{"column":1,"file":"C:\\Users\\eleni\\OneDrive\\Desktop\\authentication-ms\\src\\app\\component\\controller\\index.ts","function":null,"line":3,"method":null,"native":false},{"column":14,"file":"node:internal/modules/cjs/loader","function":"Module._compile","line":1369,"method":"_compile","native":false},{"column":23,"file":"C:\\Users\\eleni\\OneDrive\\Desktop\\authentication-ms\\node_modules\\ts-node\\src\\index.ts","function":"Module.m._compile","line":1618,"method":"_compile","native":false},{"column":10,"file":"node:internal/modules/cjs/loader","function":"Module._extensions..js","line":1427,"method":".js","native":false},{"column":12,"file":"C:\\Users\\eleni\\OneDrive\\Desktop\\authentication-ms\\node_modules\\ts-node\\src\\index.ts","function":"Object.require.extensions.<computed> [as .ts]","line":1621,"method":"ts]","native":false}]}
{"date":"Fri Oct 20 2023 12:58:37 GMT+0200 (Central European Summer Time)","error":{"diagnosticCodes":[1161]},"exception":true,"level":"error","message":"uncaughtException: ⨯ Unable to compile TypeScript:\n\u001b[96msrc/app/component/use-cases/index.ts\u001b[0m:\u001b[93m51\u001b[0m:\u001b[93m40\u001b[0m - \u001b[91merror\u001b[0m\u001b[90m TS1161: \u001b[0mUnterminated regular expression literal.\r\n\r\n\u001b[7m51\u001b[0m }).get({params, filePath, filename}) */\r\n\u001b[7m  \u001b[0m \u001b[91m                                       \u001b[0m\r\n\nTSError: ⨯ Unable to compile TypeScript:\n\u001b[96msrc/app/component/use-cases/index.ts\u001b[0m:\u001b[93m51\u001b[0m:\u001b[93m40\u001b[0m - \u001b[91merror\u001b[0m\u001b[90m TS1161: \u001b[0mUnterminated regular expression literal.\r\n\r\n\u001b[7m51\u001b[0m }).get({params, filePath, filename}) */\r\n\u001b[7m  \u001b[0m \u001b[91m                                       \u001b[0m\r\n\n    at createTSError (C:\\Users\\eleni\\OneDrive\\Desktop\\authentication-ms\\node_modules\\ts-node\\src\\index.ts:859:12)\n    at reportTSError (C:\\Users\\eleni\\OneDrive\\Desktop\\authentication-ms\\node_modules\\ts-node\\src\\index.ts:863:19)\n    at C:\\Users\\eleni\\OneDrive\\Desktop\\authentication-ms\\node_modules\\ts-node\\src\\index.ts:1379:34\n    at Object.compile (C:\\Users\\eleni\\OneDrive\\Desktop\\authentication-ms\\node_modules\\ts-node\\src\\index.ts:1458:13)\n    at Module.m._compile (C:\\Users\\eleni\\OneDrive\\Desktop\\authentication-ms\\node_modules\\ts-node\\src\\index.ts:1617:30)\n    at Module._extensions..js (node:internal/modules/cjs/loader:1427:10)\n    at Object.require.extensions.<computed> [as .ts] (C:\\Users\\eleni\\OneDrive\\Desktop\\authentication-ms\\node_modules\\ts-node\\src\\index.ts:1621:12)\n    at Module.load (node:internal/modules/cjs/loader:1201:32)\n    at Function.Module._load (node:internal/modules/cjs/loader:1017:12)\n    at Module.require (node:internal/modules/cjs/loader:1229:19)","os":{"loadavg":[0,0,0],"uptime":346365.25},"process":{"argv":["C:\\Users\\eleni\\OneDrive\\Desktop\\authentication-ms\\node_modules\\ts-node\\dist\\bin.js","C:\\Users\\eleni\\OneDrive\\Desktop\\authentication-ms\\src\\app\\index.ts"],"cwd":"C:\\Users\\eleni\\OneDrive\\Desktop\\authentication-ms","execPath":"C:\\Users\\eleni\\OneDrive\\Desktop\\authentication-ms\\node_modules\\node\\bin\\node.exe","gid":null,"memoryUsage":{"arrayBuffers":1908964,"external":4832000,"heapTotal":64217088,"heapUsed":36058072,"rss":78942208},"pid":9652,"uid":null,"version":"v21.0.0"},"stack":"TSError: ⨯ Unable to compile TypeScript:\n\u001b[96msrc/app/component/use-cases/index.ts\u001b[0m:\u001b[93m51\u001b[0m:\u001b[93m40\u001b[0m - \u001b[91merror\u001b[0m\u001b[90m TS1161: \u001b[0mUnterminated regular expression literal.\r\n\r\n\u001b[7m51\u001b[0m }).get({params, filePath, filename}) */\r\n\u001b[7m  \u001b[0m \u001b[91m                                       \u001b[0m\r\n\n    at createTSError (C:\\Users\\eleni\\OneDrive\\Desktop\\authentication-ms\\node_modules\\ts-node\\src\\index.ts:859:12)\n    at reportTSError (C:\\Users\\eleni\\OneDrive\\Desktop\\authentication-ms\\node_modules\\ts-node\\src\\index.ts:863:19)\n    at C:\\Users\\eleni\\OneDrive\\Desktop\\authentication-ms\\node_modules\\ts-node\\src\\index.ts:1379:34\n    at Object.compile (C:\\Users\\eleni\\OneDrive\\Desktop\\authentication-ms\\node_modules\\ts-node\\src\\index.ts:1458:13)\n    at Module.m._compile (C:\\Users\\eleni\\OneDrive\\Desktop\\authentication-ms\\node_modules\\ts-node\\src\\index.ts:1617:30)\n    at Module._extensions..js (node:internal/modules/cjs/loader:1427:10)\n    at Object.require.extensions.<computed> [as .ts] (C:\\Users\\eleni\\OneDrive\\Desktop\\authentication-ms\\node_modules\\ts-node\\src\\index.ts:1621:12)\n    at Module.load (node:internal/modules/cjs/loader:1201:32)\n    at Function.Module._load (node:internal/modules/cjs/loader:1017:12)\n    at Module.require (node:internal/modules/cjs/loader:1229:19)","timestamp":"2023-10-20 12:58:37","trace":[{"column":12,"file":"C:\\Users\\eleni\\OneDrive\\Desktop\\authentication-ms\\node_modules\\ts-node\\src\\index.ts","function":"createTSError","line":859,"method":null,"native":false},{"column":19,"file":"C:\\Users\\eleni\\OneDrive\\Desktop\\authentication-ms\\node_modules\\ts-node\\src\\index.ts","function":"reportTSError","line":863,"method":null,"native":false},{"column":34,"file":"C:\\Users\\eleni\\OneDrive\\Desktop\\authentication-ms\\node_modules\\ts-node\\src\\index.ts","function":null,"line":1379,"method":null,"native":false},{"column":13,"file":"C:\\Users\\eleni\\OneDrive\\Desktop\\authentication-ms\\node_modules\\ts-node\\src\\index.ts","function":"Object.compile","line":1458,"method":"compile","native":false},{"column":30,"file":"C:\\Users\\eleni\\OneDrive\\Desktop\\authentication-ms\\node_modules\\ts-node\\src\\index.ts","function":"Module.m._compile","line":1617,"method":"_compile","native":false},{"column":10,"file":"node:internal/modules/cjs/loader","function":"Module._extensions..js","line":1427,"method":".js","native":false},{"column":12,"file":"C:\\Users\\eleni\\OneDrive\\Desktop\\authentication-ms\\node_modules\\ts-node\\src\\index.ts","function":"Object.require.extensions.<computed> [as .ts]","line":1621,"method":"ts]","native":false},{"column":32,"file":"node:internal/modules/cjs/loader","function":"Module.load","line":1201,"method":"load","native":false},{"column":12,"file":"node:internal/modules/cjs/loader","function":"Module._load","line":1017,"method":"_load","native":false},{"column":19,"file":"node:internal/modules/cjs/loader","function":"Module.require","line":1229,"method":"require","native":false}]}
{"date":"Fri Oct 20 2023 13:02:41 GMT+0200 (Central European Summer Time)","error":{"diagnosticCodes":[1010]},"exception":true,"level":"error","message":"uncaughtException: ⨯ Unable to compile TypeScript:\n\u001b[96msrc/app/component/use-cases/index.ts\u001b[0m:\u001b[93m57\u001b[0m:\u001b[93m2\u001b[0m - \u001b[91merror\u001b[0m\u001b[90m TS1010: \u001b[0m'*/' expected.\r\n\r\n\u001b[7m57\u001b[0m }\r\n\u001b[7m  \u001b[0m \u001b[91m \u001b[0m\r\n\nTSError: ⨯ Unable to compile TypeScript:\n\u001b[96msrc/app/component/use-cases/index.ts\u001b[0m:\u001b[93m57\u001b[0m:\u001b[93m2\u001b[0m - \u001b[91merror\u001b[0m\u001b[90m TS1010: \u001b[0m'*/' expected.\r\n\r\n\u001b[7m57\u001b[0m }\r\n\u001b[7m  \u001b[0m \u001b[91m \u001b[0m\r\n\n    at createTSError (C:\\Users\\eleni\\OneDrive\\Desktop\\authentication-ms\\node_modules\\ts-node\\src\\index.ts:859:12)\n    at reportTSError (C:\\Users\\eleni\\OneDrive\\Desktop\\authentication-ms\\node_modules\\ts-node\\src\\index.ts:863:19)\n    at C:\\Users\\eleni\\OneDrive\\Desktop\\authentication-ms\\node_modules\\ts-node\\src\\index.ts:1379:34\n    at Object.compile (C:\\Users\\eleni\\OneDrive\\Desktop\\authentication-ms\\node_modules\\ts-node\\src\\index.ts:1458:13)\n    at Module.m._compile (C:\\Users\\eleni\\OneDrive\\Desktop\\authentication-ms\\node_modules\\ts-node\\src\\index.ts:1617:30)\n    at Module._extensions..js (node:internal/modules/cjs/loader:1427:10)\n    at Object.require.extensions.<computed> [as .ts] (C:\\Users\\eleni\\OneDrive\\Desktop\\authentication-ms\\node_modules\\ts-node\\src\\index.ts:1621:12)\n    at Module.load (node:internal/modules/cjs/loader:1201:32)\n    at Function.Module._load (node:internal/modules/cjs/loader:1017:12)\n    at Module.require (node:internal/modules/cjs/loader:1229:19)","os":{"loadavg":[0,0,0],"uptime":346609.14},"process":{"argv":["C:\\Users\\eleni\\OneDrive\\Desktop\\authentication-ms\\node_modules\\ts-node\\dist\\bin.js","C:\\Users\\eleni\\OneDrive\\Desktop\\authentication-ms\\src\\app\\index.ts"],"cwd":"C:\\Users\\eleni\\OneDrive\\Desktop\\authentication-ms","execPath":"C:\\Users\\eleni\\OneDrive\\Desktop\\authentication-ms\\node_modules\\node\\bin\\node.exe","gid":null,"memoryUsage":{"arrayBuffers":1909092,"external":4832128,"heapTotal":63954944,"heapUsed":35920176,"rss":78376960},"pid":38976,"uid":null,"version":"v21.0.0"},"stack":"TSError: ⨯ Unable to compile TypeScript:\n\u001b[96msrc/app/component/use-cases/index.ts\u001b[0m:\u001b[93m57\u001b[0m:\u001b[93m2\u001b[0m - \u001b[91merror\u001b[0m\u001b[90m TS1010: \u001b[0m'*/' expected.\r\n\r\n\u001b[7m57\u001b[0m }\r\n\u001b[7m  \u001b[0m \u001b[91m \u001b[0m\r\n\n    at createTSError (C:\\Users\\eleni\\OneDrive\\Desktop\\authentication-ms\\node_modules\\ts-node\\src\\index.ts:859:12)\n    at reportTSError (C:\\Users\\eleni\\OneDrive\\Desktop\\authentication-ms\\node_modules\\ts-node\\src\\index.ts:863:19)\n    at C:\\Users\\eleni\\OneDrive\\Desktop\\authentication-ms\\node_modules\\ts-node\\src\\index.ts:1379:34\n    at Object.compile (C:\\Users\\eleni\\OneDrive\\Desktop\\authentication-ms\\node_modules\\ts-node\\src\\index.ts:1458:13)\n    at Module.m._compile (C:\\Users\\eleni\\OneDrive\\Desktop\\authentication-ms\\node_modules\\ts-node\\src\\index.ts:1617:30)\n    at Module._extensions..js (node:internal/modules/cjs/loader:1427:10)\n    at Object.require.extensions.<computed> [as .ts] (C:\\Users\\eleni\\OneDrive\\Desktop\\authentication-ms\\node_modules\\ts-node\\src\\index.ts:1621:12)\n    at Module.load (node:internal/modules/cjs/loader:1201:32)\n    at Function.Module._load (node:internal/modules/cjs/loader:1017:12)\n    at Module.require (node:internal/modules/cjs/loader:1229:19)","timestamp":"2023-10-20 13:02:41","trace":[{"column":12,"file":"C:\\Users\\eleni\\OneDrive\\Desktop\\authentication-ms\\node_modules\\ts-node\\src\\index.ts","function":"createTSError","line":859,"method":null,"native":false},{"column":19,"file":"C:\\Users\\eleni\\OneDrive\\Desktop\\authentication-ms\\node_modules\\ts-node\\src\\index.ts","function":"reportTSError","line":863,"method":null,"native":false},{"column":34,"file":"C:\\Users\\eleni\\OneDrive\\Desktop\\authentication-ms\\node_modules\\ts-node\\src\\index.ts","function":null,"line":1379,"method":null,"native":false},{"column":13,"file":"C:\\Users\\eleni\\OneDrive\\Desktop\\authentication-ms\\node_modules\\ts-node\\src\\index.ts","function":"Object.compile","line":1458,"method":"compile","native":false},{"column":30,"file":"C:\\Users\\eleni\\OneDrive\\Desktop\\authentication-ms\\node_modules\\ts-node\\src\\index.ts","function":"Module.m._compile","line":1617,"method":"_compile","native":false},{"column":10,"file":"node:internal/modules/cjs/loader","function":"Module._extensions..js","line":1427,"method":".js","native":false},{"column":12,"file":"C:\\Users\\eleni\\OneDrive\\Desktop\\authentication-ms\\node_modules\\ts-node\\src\\index.ts","function":"Object.require.extensions.<computed> [as .ts]","line":1621,"method":"ts]","native":false},{"column":32,"file":"node:internal/modules/cjs/loader","function":"Module.load","line":1201,"method":"load","native":false},{"column":12,"file":"node:internal/modules/cjs/loader","function":"Module._load","line":1017,"method":"_load","native":false},{"column":19,"file":"node:internal/modules/cjs/loader","function":"Module.require","line":1229,"method":"require","native":false}]}
{"date":"Fri Oct 20 2023 13:43:24 GMT+0200 (Central European Summer Time)","error":{"diagnosticCodes":[1005]},"exception":true,"level":"error","message":"uncaughtException: ⨯ Unable to compile TypeScript:\n\u001b[96msrc/app/component/data-access/read-from-file.ts\u001b[0m:\u001b[93m20\u001b[0m:\u001b[93m1\u001b[0m - \u001b[91merror\u001b[0m\u001b[90m TS1005: \u001b[0m'}' expected.\r\n\r\n\u001b[7m20\u001b[0m \r\n\u001b[7m  \u001b[0m \u001b[91m\u001b[0m\r\n\r\n  \u001b[96msrc/app/component/data-access/read-from-file.ts\u001b[0m:\u001b[93m3\u001b[0m:\u001b[93m62\u001b[0m\r\n    \u001b[7m3\u001b[0m export default function makeReadFromFile({readFile, logger}) {\r\n    \u001b[7m \u001b[0m \u001b[96m                                                             ~\u001b[0m\r\n    The parser expected to find a '}' to match the '{' token here.\r\n\nTSError: ⨯ Unable to compile TypeScript:\n\u001b[96msrc/app/component/data-access/read-from-file.ts\u001b[0m:\u001b[93m20\u001b[0m:\u001b[93m1\u001b[0m - \u001b[91merror\u001b[0m\u001b[90m TS1005: \u001b[0m'}' expected.\r\n\r\n\u001b[7m20\u001b[0m \r\n\u001b[7m  \u001b[0m \u001b[91m\u001b[0m\r\n\r\n  \u001b[96msrc/app/component/data-access/read-from-file.ts\u001b[0m:\u001b[93m3\u001b[0m:\u001b[93m62\u001b[0m\r\n    \u001b[7m3\u001b[0m export default function makeReadFromFile({readFile, logger}) {\r\n    \u001b[7m \u001b[0m \u001b[96m                                                             ~\u001b[0m\r\n    The parser expected to find a '}' to match the '{' token here.\r\n\n    at createTSError (C:\\Users\\eleni\\OneDrive\\Desktop\\authentication-ms\\node_modules\\ts-node\\src\\index.ts:859:12)\n    at reportTSError (C:\\Users\\eleni\\OneDrive\\Desktop\\authentication-ms\\node_modules\\ts-node\\src\\index.ts:863:19)\n    at C:\\Users\\eleni\\OneDrive\\Desktop\\authentication-ms\\node_modules\\ts-node\\src\\index.ts:1379:34\n    at Object.compile (C:\\Users\\eleni\\OneDrive\\Desktop\\authentication-ms\\node_modules\\ts-node\\src\\index.ts:1458:13)\n    at Module.m._compile (C:\\Users\\eleni\\OneDrive\\Desktop\\authentication-ms\\node_modules\\ts-node\\src\\index.ts:1617:30)\n    at Module._extensions..js (node:internal/modules/cjs/loader:1427:10)\n    at Object.require.extensions.<computed> [as .ts] (C:\\Users\\eleni\\OneDrive\\Desktop\\authentication-ms\\node_modules\\ts-node\\src\\index.ts:1621:12)\n    at Module.load (node:internal/modules/cjs/loader:1201:32)\n    at Function.Module._load (node:internal/modules/cjs/loader:1017:12)\n    at Module.require (node:internal/modules/cjs/loader:1229:19)","os":{"loadavg":[0,0,0],"uptime":349052.015},"process":{"argv":["C:\\Users\\eleni\\OneDrive\\Desktop\\authentication-ms\\node_modules\\ts-node\\dist\\bin.js","C:\\Users\\eleni\\OneDrive\\Desktop\\authentication-ms\\src\\app\\index.ts"],"cwd":"C:\\Users\\eleni\\OneDrive\\Desktop\\authentication-ms","execPath":"C:\\Users\\eleni\\OneDrive\\Desktop\\authentication-ms\\node_modules\\node\\bin\\node.exe","gid":null,"memoryUsage":{"arrayBuffers":1935323,"external":4878936,"heapTotal":68120576,"heapUsed":42567688,"rss":93032448},"pid":27644,"uid":null,"version":"v21.0.0"},"stack":"TSError: ⨯ Unable to compile TypeScript:\n\u001b[96msrc/app/component/data-access/read-from-file.ts\u001b[0m:\u001b[93m20\u001b[0m:\u001b[93m1\u001b[0m - \u001b[91merror\u001b[0m\u001b[90m TS1005: \u001b[0m'}' expected.\r\n\r\n\u001b[7m20\u001b[0m \r\n\u001b[7m  \u001b[0m \u001b[91m\u001b[0m\r\n\r\n  \u001b[96msrc/app/component/data-access/read-from-file.ts\u001b[0m:\u001b[93m3\u001b[0m:\u001b[93m62\u001b[0m\r\n    \u001b[7m3\u001b[0m export default function makeReadFromFile({readFile, logger}) {\r\n    \u001b[7m \u001b[0m \u001b[96m                                                             ~\u001b[0m\r\n    The parser expected to find a '}' to match the '{' token here.\r\n\n    at createTSError (C:\\Users\\eleni\\OneDrive\\Desktop\\authentication-ms\\node_modules\\ts-node\\src\\index.ts:859:12)\n    at reportTSError (C:\\Users\\eleni\\OneDrive\\Desktop\\authentication-ms\\node_modules\\ts-node\\src\\index.ts:863:19)\n    at C:\\Users\\eleni\\OneDrive\\Desktop\\authentication-ms\\node_modules\\ts-node\\src\\index.ts:1379:34\n    at Object.compile (C:\\Users\\eleni\\OneDrive\\Desktop\\authentication-ms\\node_modules\\ts-node\\src\\index.ts:1458:13)\n    at Module.m._compile (C:\\Users\\eleni\\OneDrive\\Desktop\\authentication-ms\\node_modules\\ts-node\\src\\index.ts:1617:30)\n    at Module._extensions..js (node:internal/modules/cjs/loader:1427:10)\n    at Object.require.extensions.<computed> [as .ts] (C:\\Users\\eleni\\OneDrive\\Desktop\\authentication-ms\\node_modules\\ts-node\\src\\index.ts:1621:12)\n    at Module.load (node:internal/modules/cjs/loader:1201:32)\n    at Function.Module._load (node:internal/modules/cjs/loader:1017:12)\n    at Module.require (node:internal/modules/cjs/loader:1229:19)","timestamp":"2023-10-20 13:43:24","trace":[{"column":12,"file":"C:\\Users\\eleni\\OneDrive\\Desktop\\authentication-ms\\node_modules\\ts-node\\src\\index.ts","function":"createTSError","line":859,"method":null,"native":false},{"column":19,"file":"C:\\Users\\eleni\\OneDrive\\Desktop\\authentication-ms\\node_modules\\ts-node\\src\\index.ts","function":"reportTSError","line":863,"method":null,"native":false},{"column":34,"file":"C:\\Users\\eleni\\OneDrive\\Desktop\\authentication-ms\\node_modules\\ts-node\\src\\index.ts","function":null,"line":1379,"method":null,"native":false},{"column":13,"file":"C:\\Users\\eleni\\OneDrive\\Desktop\\authentication-ms\\node_modules\\ts-node\\src\\index.ts","function":"Object.compile","line":1458,"method":"compile","native":false},{"column":30,"file":"C:\\Users\\eleni\\OneDrive\\Desktop\\authentication-ms\\node_modules\\ts-node\\src\\index.ts","function":"Module.m._compile","line":1617,"method":"_compile","native":false},{"column":10,"file":"node:internal/modules/cjs/loader","function":"Module._extensions..js","line":1427,"method":".js","native":false},{"column":12,"file":"C:\\Users\\eleni\\OneDrive\\Desktop\\authentication-ms\\node_modules\\ts-node\\src\\index.ts","function":"Object.require.extensions.<computed> [as .ts]","line":1621,"method":"ts]","native":false},{"column":32,"file":"node:internal/modules/cjs/loader","function":"Module.load","line":1201,"method":"load","native":false},{"column":12,"file":"node:internal/modules/cjs/loader","function":"Module._load","line":1017,"method":"_load","native":false},{"column":19,"file":"node:internal/modules/cjs/loader","function":"Module.require","line":1229,"method":"require","native":false}]}
{"date":"Fri Oct 20 2023 13:43:28 GMT+0200 (Central European Summer Time)","error":{"diagnosticCodes":[1005]},"exception":true,"level":"error","message":"uncaughtException: ⨯ Unable to compile TypeScript:\n\u001b[96msrc/app/component/data-access/read-from-file.ts\u001b[0m:\u001b[93m19\u001b[0m:\u001b[93m2\u001b[0m - \u001b[91merror\u001b[0m\u001b[90m TS1005: \u001b[0m'}' expected.\r\n\r\n\u001b[7m19\u001b[0m }\r\n\u001b[7m  \u001b[0m \u001b[91m \u001b[0m\r\n\r\n  \u001b[96msrc/app/component/data-access/read-from-file.ts\u001b[0m:\u001b[93m3\u001b[0m:\u001b[93m62\u001b[0m\r\n    \u001b[7m3\u001b[0m export default function makeReadFromFile({readFile, logger}) {\r\n    \u001b[7m \u001b[0m \u001b[96m                                                             ~\u001b[0m\r\n    The parser expected to find a '}' to match the '{' token here.\r\n\nTSError: ⨯ Unable to compile TypeScript:\n\u001b[96msrc/app/component/data-access/read-from-file.ts\u001b[0m:\u001b[93m19\u001b[0m:\u001b[93m2\u001b[0m - \u001b[91merror\u001b[0m\u001b[90m TS1005: \u001b[0m'}' expected.\r\n\r\n\u001b[7m19\u001b[0m }\r\n\u001b[7m  \u001b[0m \u001b[91m \u001b[0m\r\n\r\n  \u001b[96msrc/app/component/data-access/read-from-file.ts\u001b[0m:\u001b[93m3\u001b[0m:\u001b[93m62\u001b[0m\r\n    \u001b[7m3\u001b[0m export default function makeReadFromFile({readFile, logger}) {\r\n    \u001b[7m \u001b[0m \u001b[96m                                                             ~\u001b[0m\r\n    The parser expected to find a '}' to match the '{' token here.\r\n\n    at createTSError (C:\\Users\\eleni\\OneDrive\\Desktop\\authentication-ms\\node_modules\\ts-node\\src\\index.ts:859:12)\n    at reportTSError (C:\\Users\\eleni\\OneDrive\\Desktop\\authentication-ms\\node_modules\\ts-node\\src\\index.ts:863:19)\n    at C:\\Users\\eleni\\OneDrive\\Desktop\\authentication-ms\\node_modules\\ts-node\\src\\index.ts:1379:34\n    at Object.compile (C:\\Users\\eleni\\OneDrive\\Desktop\\authentication-ms\\node_modules\\ts-node\\src\\index.ts:1458:13)\n    at Module.m._compile (C:\\Users\\eleni\\OneDrive\\Desktop\\authentication-ms\\node_modules\\ts-node\\src\\index.ts:1617:30)\n    at Module._extensions..js (node:internal/modules/cjs/loader:1427:10)\n    at Object.require.extensions.<computed> [as .ts] (C:\\Users\\eleni\\OneDrive\\Desktop\\authentication-ms\\node_modules\\ts-node\\src\\index.ts:1621:12)\n    at Module.load (node:internal/modules/cjs/loader:1201:32)\n    at Function.Module._load (node:internal/modules/cjs/loader:1017:12)\n    at Module.require (node:internal/modules/cjs/loader:1229:19)","os":{"loadavg":[0,0,0],"uptime":349056.25},"process":{"argv":["C:\\Users\\eleni\\OneDrive\\Desktop\\authentication-ms\\node_modules\\ts-node\\dist\\bin.js","C:\\Users\\eleni\\OneDrive\\Desktop\\authentication-ms\\src\\app\\index.ts"],"cwd":"C:\\Users\\eleni\\OneDrive\\Desktop\\authentication-ms","execPath":"C:\\Users\\eleni\\OneDrive\\Desktop\\authentication-ms\\node_modules\\node\\bin\\node.exe","gid":null,"memoryUsage":{"arrayBuffers":1943579,"external":4866691,"heapTotal":68120576,"heapUsed":48320624,"rss":90550272},"pid":41116,"uid":null,"version":"v21.0.0"},"stack":"TSError: ⨯ Unable to compile TypeScript:\n\u001b[96msrc/app/component/data-access/read-from-file.ts\u001b[0m:\u001b[93m19\u001b[0m:\u001b[93m2\u001b[0m - \u001b[91merror\u001b[0m\u001b[90m TS1005: \u001b[0m'}' expected.\r\n\r\n\u001b[7m19\u001b[0m }\r\n\u001b[7m  \u001b[0m \u001b[91m \u001b[0m\r\n\r\n  \u001b[96msrc/app/component/data-access/read-from-file.ts\u001b[0m:\u001b[93m3\u001b[0m:\u001b[93m62\u001b[0m\r\n    \u001b[7m3\u001b[0m export default function makeReadFromFile({readFile, logger}) {\r\n    \u001b[7m \u001b[0m \u001b[96m                                                             ~\u001b[0m\r\n    The parser expected to find a '}' to match the '{' token here.\r\n\n    at createTSError (C:\\Users\\eleni\\OneDrive\\Desktop\\authentication-ms\\node_modules\\ts-node\\src\\index.ts:859:12)\n    at reportTSError (C:\\Users\\eleni\\OneDrive\\Desktop\\authentication-ms\\node_modules\\ts-node\\src\\index.ts:863:19)\n    at C:\\Users\\eleni\\OneDrive\\Desktop\\authentication-ms\\node_modules\\ts-node\\src\\index.ts:1379:34\n    at Object.compile (C:\\Users\\eleni\\OneDrive\\Desktop\\authentication-ms\\node_modules\\ts-node\\src\\index.ts:1458:13)\n    at Module.m._compile (C:\\Users\\eleni\\OneDrive\\Desktop\\authentication-ms\\node_modules\\ts-node\\src\\index.ts:1617:30)\n    at Module._extensions..js (node:internal/modules/cjs/loader:1427:10)\n    at Object.require.extensions.<computed> [as .ts] (C:\\Users\\eleni\\OneDrive\\Desktop\\authentication-ms\\node_modules\\ts-node\\src\\index.ts:1621:12)\n    at Module.load (node:internal/modules/cjs/loader:1201:32)\n    at Function.Module._load (node:internal/modules/cjs/loader:1017:12)\n    at Module.require (node:internal/modules/cjs/loader:1229:19)","timestamp":"2023-10-20 13:43:28","trace":[{"column":12,"file":"C:\\Users\\eleni\\OneDrive\\Desktop\\authentication-ms\\node_modules\\ts-node\\src\\index.ts","function":"createTSError","line":859,"method":null,"native":false},{"column":19,"file":"C:\\Users\\eleni\\OneDrive\\Desktop\\authentication-ms\\node_modules\\ts-node\\src\\index.ts","function":"reportTSError","line":863,"method":null,"native":false},{"column":34,"file":"C:\\Users\\eleni\\OneDrive\\Desktop\\authentication-ms\\node_modules\\ts-node\\src\\index.ts","function":null,"line":1379,"method":null,"native":false},{"column":13,"file":"C:\\Users\\eleni\\OneDrive\\Desktop\\authentication-ms\\node_modules\\ts-node\\src\\index.ts","function":"Object.compile","line":1458,"method":"compile","native":false},{"column":30,"file":"C:\\Users\\eleni\\OneDrive\\Desktop\\authentication-ms\\node_modules\\ts-node\\src\\index.ts","function":"Module.m._compile","line":1617,"method":"_compile","native":false},{"column":10,"file":"node:internal/modules/cjs/loader","function":"Module._extensions..js","line":1427,"method":".js","native":false},{"column":12,"file":"C:\\Users\\eleni\\OneDrive\\Desktop\\authentication-ms\\node_modules\\ts-node\\src\\index.ts","function":"Object.require.extensions.<computed> [as .ts]","line":1621,"method":"ts]","native":false},{"column":32,"file":"node:internal/modules/cjs/loader","function":"Module.load","line":1201,"method":"load","native":false},{"column":12,"file":"node:internal/modules/cjs/loader","function":"Module._load","line":1017,"method":"_load","native":false},{"column":19,"file":"node:internal/modules/cjs/loader","function":"Module.require","line":1229,"method":"require","native":false}]}
{"date":"Fri Oct 20 2023 13:46:17 GMT+0200 (Central European Summer Time)","error":{"diagnosticCodes":[1005]},"exception":true,"level":"error","message":"uncaughtException: ⨯ Unable to compile TypeScript:\n\u001b[96msrc/app/component/data-access/read-from-file.ts\u001b[0m:\u001b[93m18\u001b[0m:\u001b[93m2\u001b[0m - \u001b[91merror\u001b[0m\u001b[90m TS1005: \u001b[0m'}' expected.\r\n\r\n\u001b[7m18\u001b[0m }\r\n\u001b[7m  \u001b[0m \u001b[91m \u001b[0m\r\n\r\n  \u001b[96msrc/app/component/data-access/read-from-file.ts\u001b[0m:\u001b[93m3\u001b[0m:\u001b[93m62\u001b[0m\r\n    \u001b[7m3\u001b[0m export default function makeReadFromFile({readFile, logger}) {\r\n    \u001b[7m \u001b[0m \u001b[96m                                                             ~\u001b[0m\r\n    The parser expected to find a '}' to match the '{' token here.\r\n\nTSError: ⨯ Unable to compile TypeScript:\n\u001b[96msrc/app/component/data-access/read-from-file.ts\u001b[0m:\u001b[93m18\u001b[0m:\u001b[93m2\u001b[0m - \u001b[91merror\u001b[0m\u001b[90m TS1005: \u001b[0m'}' expected.\r\n\r\n\u001b[7m18\u001b[0m }\r\n\u001b[7m  \u001b[0m \u001b[91m \u001b[0m\r\n\r\n  \u001b[96msrc/app/component/data-access/read-from-file.ts\u001b[0m:\u001b[93m3\u001b[0m:\u001b[93m62\u001b[0m\r\n    \u001b[7m3\u001b[0m export default function makeReadFromFile({readFile, logger}) {\r\n    \u001b[7m \u001b[0m \u001b[96m                                                             ~\u001b[0m\r\n    The parser expected to find a '}' to match the '{' token here.\r\n\n    at createTSError (C:\\Users\\eleni\\OneDrive\\Desktop\\authentication-ms\\node_modules\\ts-node\\src\\index.ts:859:12)\n    at reportTSError (C:\\Users\\eleni\\OneDrive\\Desktop\\authentication-ms\\node_modules\\ts-node\\src\\index.ts:863:19)\n    at C:\\Users\\eleni\\OneDrive\\Desktop\\authentication-ms\\node_modules\\ts-node\\src\\index.ts:1379:34\n    at Object.compile (C:\\Users\\eleni\\OneDrive\\Desktop\\authentication-ms\\node_modules\\ts-node\\src\\index.ts:1458:13)\n    at Module.m._compile (C:\\Users\\eleni\\OneDrive\\Desktop\\authentication-ms\\node_modules\\ts-node\\src\\index.ts:1617:30)\n    at Module._extensions..js (node:internal/modules/cjs/loader:1427:10)\n    at Object.require.extensions.<computed> [as .ts] (C:\\Users\\eleni\\OneDrive\\Desktop\\authentication-ms\\node_modules\\ts-node\\src\\index.ts:1621:12)\n    at Module.load (node:internal/modules/cjs/loader:1201:32)\n    at Function.Module._load (node:internal/modules/cjs/loader:1017:12)\n    at Module.require (node:internal/modules/cjs/loader:1229:19)","os":{"loadavg":[0,0,0],"uptime":349225.953},"process":{"argv":["C:\\Users\\eleni\\OneDrive\\Desktop\\authentication-ms\\node_modules\\ts-node\\dist\\bin.js","C:\\Users\\eleni\\OneDrive\\Desktop\\authentication-ms\\src\\app\\index.ts"],"cwd":"C:\\Users\\eleni\\OneDrive\\Desktop\\authentication-ms","execPath":"C:\\Users\\eleni\\OneDrive\\Desktop\\authentication-ms\\node_modules\\node\\bin\\node.exe","gid":null,"memoryUsage":{"arrayBuffers":1943531,"external":4878952,"heapTotal":68644864,"heapUsed":42223568,"rss":93057024},"pid":29496,"uid":null,"version":"v21.0.0"},"stack":"TSError: ⨯ Unable to compile TypeScript:\n\u001b[96msrc/app/component/data-access/read-from-file.ts\u001b[0m:\u001b[93m18\u001b[0m:\u001b[93m2\u001b[0m - \u001b[91merror\u001b[0m\u001b[90m TS1005: \u001b[0m'}' expected.\r\n\r\n\u001b[7m18\u001b[0m }\r\n\u001b[7m  \u001b[0m \u001b[91m \u001b[0m\r\n\r\n  \u001b[96msrc/app/component/data-access/read-from-file.ts\u001b[0m:\u001b[93m3\u001b[0m:\u001b[93m62\u001b[0m\r\n    \u001b[7m3\u001b[0m export default function makeReadFromFile({readFile, logger}) {\r\n    \u001b[7m \u001b[0m \u001b[96m                                                             ~\u001b[0m\r\n    The parser expected to find a '}' to match the '{' token here.\r\n\n    at createTSError (C:\\Users\\eleni\\OneDrive\\Desktop\\authentication-ms\\node_modules\\ts-node\\src\\index.ts:859:12)\n    at reportTSError (C:\\Users\\eleni\\OneDrive\\Desktop\\authentication-ms\\node_modules\\ts-node\\src\\index.ts:863:19)\n    at C:\\Users\\eleni\\OneDrive\\Desktop\\authentication-ms\\node_modules\\ts-node\\src\\index.ts:1379:34\n    at Object.compile (C:\\Users\\eleni\\OneDrive\\Desktop\\authentication-ms\\node_modules\\ts-node\\src\\index.ts:1458:13)\n    at Module.m._compile (C:\\Users\\eleni\\OneDrive\\Desktop\\authentication-ms\\node_modules\\ts-node\\src\\index.ts:1617:30)\n    at Module._extensions..js (node:internal/modules/cjs/loader:1427:10)\n    at Object.require.extensions.<computed> [as .ts] (C:\\Users\\eleni\\OneDrive\\Desktop\\authentication-ms\\node_modules\\ts-node\\src\\index.ts:1621:12)\n    at Module.load (node:internal/modules/cjs/loader:1201:32)\n    at Function.Module._load (node:internal/modules/cjs/loader:1017:12)\n    at Module.require (node:internal/modules/cjs/loader:1229:19)","timestamp":"2023-10-20 13:46:17","trace":[{"column":12,"file":"C:\\Users\\eleni\\OneDrive\\Desktop\\authentication-ms\\node_modules\\ts-node\\src\\index.ts","function":"createTSError","line":859,"method":null,"native":false},{"column":19,"file":"C:\\Users\\eleni\\OneDrive\\Desktop\\authentication-ms\\node_modules\\ts-node\\src\\index.ts","function":"reportTSError","line":863,"method":null,"native":false},{"column":34,"file":"C:\\Users\\eleni\\OneDrive\\Desktop\\authentication-ms\\node_modules\\ts-node\\src\\index.ts","function":null,"line":1379,"method":null,"native":false},{"column":13,"file":"C:\\Users\\eleni\\OneDrive\\Desktop\\authentication-ms\\node_modules\\ts-node\\src\\index.ts","function":"Object.compile","line":1458,"method":"compile","native":false},{"column":30,"file":"C:\\Users\\eleni\\OneDrive\\Desktop\\authentication-ms\\node_modules\\ts-node\\src\\index.ts","function":"Module.m._compile","line":1617,"method":"_compile","native":false},{"column":10,"file":"node:internal/modules/cjs/loader","function":"Module._extensions..js","line":1427,"method":".js","native":false},{"column":12,"file":"C:\\Users\\eleni\\OneDrive\\Desktop\\authentication-ms\\node_modules\\ts-node\\src\\index.ts","function":"Object.require.extensions.<computed> [as .ts]","line":1621,"method":"ts]","native":false},{"column":32,"file":"node:internal/modules/cjs/loader","function":"Module.load","line":1201,"method":"load","native":false},{"column":12,"file":"node:internal/modules/cjs/loader","function":"Module._load","line":1017,"method":"_load","native":false},{"column":19,"file":"node:internal/modules/cjs/loader","function":"Module.require","line":1229,"method":"require","native":false}]}
{"date":"Fri Oct 20 2023 13:46:19 GMT+0200 (Central European Summer Time)","error":{"diagnosticCodes":[1005]},"exception":true,"level":"error","message":"uncaughtException: ⨯ Unable to compile TypeScript:\n\u001b[96msrc/app/component/data-access/read-from-file.ts\u001b[0m:\u001b[93m18\u001b[0m:\u001b[93m2\u001b[0m - \u001b[91merror\u001b[0m\u001b[90m TS1005: \u001b[0m'}' expected.\r\n\r\n\u001b[7m18\u001b[0m }\r\n\u001b[7m  \u001b[0m \u001b[91m \u001b[0m\r\n\r\n  \u001b[96msrc/app/component/data-access/read-from-file.ts\u001b[0m:\u001b[93m3\u001b[0m:\u001b[93m62\u001b[0m\r\n    \u001b[7m3\u001b[0m export default function makeReadFromFile({readFile, logger}) {\r\n    \u001b[7m \u001b[0m \u001b[96m                                                             ~\u001b[0m\r\n    The parser expected to find a '}' to match the '{' token here.\r\n\nTSError: ⨯ Unable to compile TypeScript:\n\u001b[96msrc/app/component/data-access/read-from-file.ts\u001b[0m:\u001b[93m18\u001b[0m:\u001b[93m2\u001b[0m - \u001b[91merror\u001b[0m\u001b[90m TS1005: \u001b[0m'}' expected.\r\n\r\n\u001b[7m18\u001b[0m }\r\n\u001b[7m  \u001b[0m \u001b[91m \u001b[0m\r\n\r\n  \u001b[96msrc/app/component/data-access/read-from-file.ts\u001b[0m:\u001b[93m3\u001b[0m:\u001b[93m62\u001b[0m\r\n    \u001b[7m3\u001b[0m export default function makeReadFromFile({readFile, logger}) {\r\n    \u001b[7m \u001b[0m \u001b[96m                                                             ~\u001b[0m\r\n    The parser expected to find a '}' to match the '{' token here.\r\n\n    at createTSError (C:\\Users\\eleni\\OneDrive\\Desktop\\authentication-ms\\node_modules\\ts-node\\src\\index.ts:859:12)\n    at reportTSError (C:\\Users\\eleni\\OneDrive\\Desktop\\authentication-ms\\node_modules\\ts-node\\src\\index.ts:863:19)\n    at C:\\Users\\eleni\\OneDrive\\Desktop\\authentication-ms\\node_modules\\ts-node\\src\\index.ts:1379:34\n    at Object.compile (C:\\Users\\eleni\\OneDrive\\Desktop\\authentication-ms\\node_modules\\ts-node\\src\\index.ts:1458:13)\n    at Module.m._compile (C:\\Users\\eleni\\OneDrive\\Desktop\\authentication-ms\\node_modules\\ts-node\\src\\index.ts:1617:30)\n    at Module._extensions..js (node:internal/modules/cjs/loader:1427:10)\n    at Object.require.extensions.<computed> [as .ts] (C:\\Users\\eleni\\OneDrive\\Desktop\\authentication-ms\\node_modules\\ts-node\\src\\index.ts:1621:12)\n    at Module.load (node:internal/modules/cjs/loader:1201:32)\n    at Function.Module._load (node:internal/modules/cjs/loader:1017:12)\n    at Module.require (node:internal/modules/cjs/loader:1229:19)","os":{"loadavg":[0,0,0],"uptime":349227.796},"process":{"argv":["C:\\Users\\eleni\\OneDrive\\Desktop\\authentication-ms\\node_modules\\ts-node\\dist\\bin.js","C:\\Users\\eleni\\OneDrive\\Desktop\\authentication-ms\\src\\app\\index.ts"],"cwd":"C:\\Users\\eleni\\OneDrive\\Desktop\\authentication-ms","execPath":"C:\\Users\\eleni\\OneDrive\\Desktop\\authentication-ms\\node_modules\\node\\bin\\node.exe","gid":null,"memoryUsage":{"arrayBuffers":1943467,"external":4866579,"heapTotal":68120576,"heapUsed":48193264,"rss":90353664},"pid":32900,"uid":null,"version":"v21.0.0"},"stack":"TSError: ⨯ Unable to compile TypeScript:\n\u001b[96msrc/app/component/data-access/read-from-file.ts\u001b[0m:\u001b[93m18\u001b[0m:\u001b[93m2\u001b[0m - \u001b[91merror\u001b[0m\u001b[90m TS1005: \u001b[0m'}' expected.\r\n\r\n\u001b[7m18\u001b[0m }\r\n\u001b[7m  \u001b[0m \u001b[91m \u001b[0m\r\n\r\n  \u001b[96msrc/app/component/data-access/read-from-file.ts\u001b[0m:\u001b[93m3\u001b[0m:\u001b[93m62\u001b[0m\r\n    \u001b[7m3\u001b[0m export default function makeReadFromFile({readFile, logger}) {\r\n    \u001b[7m \u001b[0m \u001b[96m                                                             ~\u001b[0m\r\n    The parser expected to find a '}' to match the '{' token here.\r\n\n    at createTSError (C:\\Users\\eleni\\OneDrive\\Desktop\\authentication-ms\\node_modules\\ts-node\\src\\index.ts:859:12)\n    at reportTSError (C:\\Users\\eleni\\OneDrive\\Desktop\\authentication-ms\\node_modules\\ts-node\\src\\index.ts:863:19)\n    at C:\\Users\\eleni\\OneDrive\\Desktop\\authentication-ms\\node_modules\\ts-node\\src\\index.ts:1379:34\n    at Object.compile (C:\\Users\\eleni\\OneDrive\\Desktop\\authentication-ms\\node_modules\\ts-node\\src\\index.ts:1458:13)\n    at Module.m._compile (C:\\Users\\eleni\\OneDrive\\Desktop\\authentication-ms\\node_modules\\ts-node\\src\\index.ts:1617:30)\n    at Module._extensions..js (node:internal/modules/cjs/loader:1427:10)\n    at Object.require.extensions.<computed> [as .ts] (C:\\Users\\eleni\\OneDrive\\Desktop\\authentication-ms\\node_modules\\ts-node\\src\\index.ts:1621:12)\n    at Module.load (node:internal/modules/cjs/loader:1201:32)\n    at Function.Module._load (node:internal/modules/cjs/loader:1017:12)\n    at Module.require (node:internal/modules/cjs/loader:1229:19)","timestamp":"2023-10-20 13:46:19","trace":[{"column":12,"file":"C:\\Users\\eleni\\OneDrive\\Desktop\\authentication-ms\\node_modules\\ts-node\\src\\index.ts","function":"createTSError","line":859,"method":null,"native":false},{"column":19,"file":"C:\\Users\\eleni\\OneDrive\\Desktop\\authentication-ms\\node_modules\\ts-node\\src\\index.ts","function":"reportTSError","line":863,"method":null,"native":false},{"column":34,"file":"C:\\Users\\eleni\\OneDrive\\Desktop\\authentication-ms\\node_modules\\ts-node\\src\\index.ts","function":null,"line":1379,"method":null,"native":false},{"column":13,"file":"C:\\Users\\eleni\\OneDrive\\Desktop\\authentication-ms\\node_modules\\ts-node\\src\\index.ts","function":"Object.compile","line":1458,"method":"compile","native":false},{"column":30,"file":"C:\\Users\\eleni\\OneDrive\\Desktop\\authentication-ms\\node_modules\\ts-node\\src\\index.ts","function":"Module.m._compile","line":1617,"method":"_compile","native":false},{"column":10,"file":"node:internal/modules/cjs/loader","function":"Module._extensions..js","line":1427,"method":".js","native":false},{"column":12,"file":"C:\\Users\\eleni\\OneDrive\\Desktop\\authentication-ms\\node_modules\\ts-node\\src\\index.ts","function":"Object.require.extensions.<computed> [as .ts]","line":1621,"method":"ts]","native":false},{"column":32,"file":"node:internal/modules/cjs/loader","function":"Module.load","line":1201,"method":"load","native":false},{"column":12,"file":"node:internal/modules/cjs/loader","function":"Module._load","line":1017,"method":"_load","native":false},{"column":19,"file":"node:internal/modules/cjs/loader","function":"Module.require","line":1229,"method":"require","native":false}]}
{"date":"Fri Oct 20 2023 13:46:28 GMT+0200 (Central European Summer Time)","error":{"diagnosticCodes":[1109]},"exception":true,"level":"error","message":"uncaughtException: ⨯ Unable to compile TypeScript:\n\u001b[96msrc/app/component/data-access/read-from-file.ts\u001b[0m:\u001b[93m17\u001b[0m:\u001b[93m5\u001b[0m - \u001b[91merror\u001b[0m\u001b[90m TS1109: \u001b[0mExpression expected.\r\n\r\n\u001b[7m17\u001b[0m     }\r\n\u001b[7m  \u001b[0m \u001b[91m    ~\u001b[0m\r\n\nTSError: ⨯ Unable to compile TypeScript:\n\u001b[96msrc/app/component/data-access/read-from-file.ts\u001b[0m:\u001b[93m17\u001b[0m:\u001b[93m5\u001b[0m - \u001b[91merror\u001b[0m\u001b[90m TS1109: \u001b[0mExpression expected.\r\n\r\n\u001b[7m17\u001b[0m     }\r\n\u001b[7m  \u001b[0m \u001b[91m    ~\u001b[0m\r\n\n    at createTSError (C:\\Users\\eleni\\OneDrive\\Desktop\\authentication-ms\\node_modules\\ts-node\\src\\index.ts:859:12)\n    at reportTSError (C:\\Users\\eleni\\OneDrive\\Desktop\\authentication-ms\\node_modules\\ts-node\\src\\index.ts:863:19)\n    at C:\\Users\\eleni\\OneDrive\\Desktop\\authentication-ms\\node_modules\\ts-node\\src\\index.ts:1379:34\n    at Object.compile (C:\\Users\\eleni\\OneDrive\\Desktop\\authentication-ms\\node_modules\\ts-node\\src\\index.ts:1458:13)\n    at Module.m._compile (C:\\Users\\eleni\\OneDrive\\Desktop\\authentication-ms\\node_modules\\ts-node\\src\\index.ts:1617:30)\n    at Module._extensions..js (node:internal/modules/cjs/loader:1427:10)\n    at Object.require.extensions.<computed> [as .ts] (C:\\Users\\eleni\\OneDrive\\Desktop\\authentication-ms\\node_modules\\ts-node\\src\\index.ts:1621:12)\n    at Module.load (node:internal/modules/cjs/loader:1201:32)\n    at Function.Module._load (node:internal/modules/cjs/loader:1017:12)\n    at Module.require (node:internal/modules/cjs/loader:1229:19)","os":{"loadavg":[0,0,0],"uptime":349236.39},"process":{"argv":["C:\\Users\\eleni\\OneDrive\\Desktop\\authentication-ms\\node_modules\\ts-node\\dist\\bin.js","C:\\Users\\eleni\\OneDrive\\Desktop\\authentication-ms\\src\\app\\index.ts"],"cwd":"C:\\Users\\eleni\\OneDrive\\Desktop\\authentication-ms","execPath":"C:\\Users\\eleni\\OneDrive\\Desktop\\authentication-ms\\node_modules\\node\\bin\\node.exe","gid":null,"memoryUsage":{"arrayBuffers":1935331,"external":4878944,"heapTotal":68120576,"heapUsed":42367520,"rss":93020160},"pid":35444,"uid":null,"version":"v21.0.0"},"stack":"TSError: ⨯ Unable to compile TypeScript:\n\u001b[96msrc/app/component/data-access/read-from-file.ts\u001b[0m:\u001b[93m17\u001b[0m:\u001b[93m5\u001b[0m - \u001b[91merror\u001b[0m\u001b[90m TS1109: \u001b[0mExpression expected.\r\n\r\n\u001b[7m17\u001b[0m     }\r\n\u001b[7m  \u001b[0m \u001b[91m    ~\u001b[0m\r\n\n    at createTSError (C:\\Users\\eleni\\OneDrive\\Desktop\\authentication-ms\\node_modules\\ts-node\\src\\index.ts:859:12)\n    at reportTSError (C:\\Users\\eleni\\OneDrive\\Desktop\\authentication-ms\\node_modules\\ts-node\\src\\index.ts:863:19)\n    at C:\\Users\\eleni\\OneDrive\\Desktop\\authentication-ms\\node_modules\\ts-node\\src\\index.ts:1379:34\n    at Object.compile (C:\\Users\\eleni\\OneDrive\\Desktop\\authentication-ms\\node_modules\\ts-node\\src\\index.ts:1458:13)\n    at Module.m._compile (C:\\Users\\eleni\\OneDrive\\Desktop\\authentication-ms\\node_modules\\ts-node\\src\\index.ts:1617:30)\n    at Module._extensions..js (node:internal/modules/cjs/loader:1427:10)\n    at Object.require.extensions.<computed> [as .ts] (C:\\Users\\eleni\\OneDrive\\Desktop\\authentication-ms\\node_modules\\ts-node\\src\\index.ts:1621:12)\n    at Module.load (node:internal/modules/cjs/loader:1201:32)\n    at Function.Module._load (node:internal/modules/cjs/loader:1017:12)\n    at Module.require (node:internal/modules/cjs/loader:1229:19)","timestamp":"2023-10-20 13:46:28","trace":[{"column":12,"file":"C:\\Users\\eleni\\OneDrive\\Desktop\\authentication-ms\\node_modules\\ts-node\\src\\index.ts","function":"createTSError","line":859,"method":null,"native":false},{"column":19,"file":"C:\\Users\\eleni\\OneDrive\\Desktop\\authentication-ms\\node_modules\\ts-node\\src\\index.ts","function":"reportTSError","line":863,"method":null,"native":false},{"column":34,"file":"C:\\Users\\eleni\\OneDrive\\Desktop\\authentication-ms\\node_modules\\ts-node\\src\\index.ts","function":null,"line":1379,"method":null,"native":false},{"column":13,"file":"C:\\Users\\eleni\\OneDrive\\Desktop\\authentication-ms\\node_modules\\ts-node\\src\\index.ts","function":"Object.compile","line":1458,"method":"compile","native":false},{"column":30,"file":"C:\\Users\\eleni\\OneDrive\\Desktop\\authentication-ms\\node_modules\\ts-node\\src\\index.ts","function":"Module.m._compile","line":1617,"method":"_compile","native":false},{"column":10,"file":"node:internal/modules/cjs/loader","function":"Module._extensions..js","line":1427,"method":".js","native":false},{"column":12,"file":"C:\\Users\\eleni\\OneDrive\\Desktop\\authentication-ms\\node_modules\\ts-node\\src\\index.ts","function":"Object.require.extensions.<computed> [as .ts]","line":1621,"method":"ts]","native":false},{"column":32,"file":"node:internal/modules/cjs/loader","function":"Module.load","line":1201,"method":"load","native":false},{"column":12,"file":"node:internal/modules/cjs/loader","function":"Module._load","line":1017,"method":"_load","native":false},{"column":19,"file":"node:internal/modules/cjs/loader","function":"Module.require","line":1229,"method":"require","native":false}]}
{"date":"Fri Oct 20 2023 13:48:44 GMT+0200 (Central European Summer Time)","error":{"diagnosticCodes":[1109]},"exception":true,"level":"error","message":"uncaughtException: ⨯ Unable to compile TypeScript:\n\u001b[96msrc/app/component/data-access/read-from-file.ts\u001b[0m:\u001b[93m17\u001b[0m:\u001b[93m5\u001b[0m - \u001b[91merror\u001b[0m\u001b[90m TS1109: \u001b[0mExpression expected.\r\n\r\n\u001b[7m17\u001b[0m     }\r\n\u001b[7m  \u001b[0m \u001b[91m    ~\u001b[0m\r\n\nTSError: ⨯ Unable to compile TypeScript:\n\u001b[96msrc/app/component/data-access/read-from-file.ts\u001b[0m:\u001b[93m17\u001b[0m:\u001b[93m5\u001b[0m - \u001b[91merror\u001b[0m\u001b[90m TS1109: \u001b[0mExpression expected.\r\n\r\n\u001b[7m17\u001b[0m     }\r\n\u001b[7m  \u001b[0m \u001b[91m    ~\u001b[0m\r\n\n    at createTSError (C:\\Users\\eleni\\OneDrive\\Desktop\\authentication-ms\\node_modules\\ts-node\\src\\index.ts:859:12)\n    at reportTSError (C:\\Users\\eleni\\OneDrive\\Desktop\\authentication-ms\\node_modules\\ts-node\\src\\index.ts:863:19)\n    at C:\\Users\\eleni\\OneDrive\\Desktop\\authentication-ms\\node_modules\\ts-node\\src\\index.ts:1379:34\n    at Object.compile (C:\\Users\\eleni\\OneDrive\\Desktop\\authentication-ms\\node_modules\\ts-node\\src\\index.ts:1458:13)\n    at Module.m._compile (C:\\Users\\eleni\\OneDrive\\Desktop\\authentication-ms\\node_modules\\ts-node\\src\\index.ts:1617:30)\n    at Module._extensions..js (node:internal/modules/cjs/loader:1427:10)\n    at Object.require.extensions.<computed> [as .ts] (C:\\Users\\eleni\\OneDrive\\Desktop\\authentication-ms\\node_modules\\ts-node\\src\\index.ts:1621:12)\n    at Module.load (node:internal/modules/cjs/loader:1201:32)\n    at Function.Module._load (node:internal/modules/cjs/loader:1017:12)\n    at Module.require (node:internal/modules/cjs/loader:1229:19)","os":{"loadavg":[0,0,0],"uptime":349372.593},"process":{"argv":["C:\\Users\\eleni\\OneDrive\\Desktop\\authentication-ms\\node_modules\\ts-node\\dist\\bin.js","C:\\Users\\eleni\\OneDrive\\Desktop\\authentication-ms\\src\\app\\index.ts"],"cwd":"C:\\Users\\eleni\\OneDrive\\Desktop\\authentication-ms","execPath":"C:\\Users\\eleni\\OneDrive\\Desktop\\authentication-ms\\node_modules\\node\\bin\\node.exe","gid":null,"memoryUsage":{"arrayBuffers":1943563,"external":4878984,"heapTotal":68382720,"heapUsed":42296968,"rss":92786688},"pid":35804,"uid":null,"version":"v21.0.0"},"stack":"TSError: ⨯ Unable to compile TypeScript:\n\u001b[96msrc/app/component/data-access/read-from-file.ts\u001b[0m:\u001b[93m17\u001b[0m:\u001b[93m5\u001b[0m - \u001b[91merror\u001b[0m\u001b[90m TS1109: \u001b[0mExpression expected.\r\n\r\n\u001b[7m17\u001b[0m     }\r\n\u001b[7m  \u001b[0m \u001b[91m    ~\u001b[0m\r\n\n    at createTSError (C:\\Users\\eleni\\OneDrive\\Desktop\\authentication-ms\\node_modules\\ts-node\\src\\index.ts:859:12)\n    at reportTSError (C:\\Users\\eleni\\OneDrive\\Desktop\\authentication-ms\\node_modules\\ts-node\\src\\index.ts:863:19)\n    at C:\\Users\\eleni\\OneDrive\\Desktop\\authentication-ms\\node_modules\\ts-node\\src\\index.ts:1379:34\n    at Object.compile (C:\\Users\\eleni\\OneDrive\\Desktop\\authentication-ms\\node_modules\\ts-node\\src\\index.ts:1458:13)\n    at Module.m._compile (C:\\Users\\eleni\\OneDrive\\Desktop\\authentication-ms\\node_modules\\ts-node\\src\\index.ts:1617:30)\n    at Module._extensions..js (node:internal/modules/cjs/loader:1427:10)\n    at Object.require.extensions.<computed> [as .ts] (C:\\Users\\eleni\\OneDrive\\Desktop\\authentication-ms\\node_modules\\ts-node\\src\\index.ts:1621:12)\n    at Module.load (node:internal/modules/cjs/loader:1201:32)\n    at Function.Module._load (node:internal/modules/cjs/loader:1017:12)\n    at Module.require (node:internal/modules/cjs/loader:1229:19)","timestamp":"2023-10-20 13:48:44","trace":[{"column":12,"file":"C:\\Users\\eleni\\OneDrive\\Desktop\\authentication-ms\\node_modules\\ts-node\\src\\index.ts","function":"createTSError","line":859,"method":null,"native":false},{"column":19,"file":"C:\\Users\\eleni\\OneDrive\\Desktop\\authentication-ms\\node_modules\\ts-node\\src\\index.ts","function":"reportTSError","line":863,"method":null,"native":false},{"column":34,"file":"C:\\Users\\eleni\\OneDrive\\Desktop\\authentication-ms\\node_modules\\ts-node\\src\\index.ts","function":null,"line":1379,"method":null,"native":false},{"column":13,"file":"C:\\Users\\eleni\\OneDrive\\Desktop\\authentication-ms\\node_modules\\ts-node\\src\\index.ts","function":"Object.compile","line":1458,"method":"compile","native":false},{"column":30,"file":"C:\\Users\\eleni\\OneDrive\\Desktop\\authentication-ms\\node_modules\\ts-node\\src\\index.ts","function":"Module.m._compile","line":1617,"method":"_compile","native":false},{"column":10,"file":"node:internal/modules/cjs/loader","function":"Module._extensions..js","line":1427,"method":".js","native":false},{"column":12,"file":"C:\\Users\\eleni\\OneDrive\\Desktop\\authentication-ms\\node_modules\\ts-node\\src\\index.ts","function":"Object.require.extensions.<computed> [as .ts]","line":1621,"method":"ts]","native":false},{"column":32,"file":"node:internal/modules/cjs/loader","function":"Module.load","line":1201,"method":"load","native":false},{"column":12,"file":"node:internal/modules/cjs/loader","function":"Module._load","line":1017,"method":"_load","native":false},{"column":19,"file":"node:internal/modules/cjs/loader","function":"Module.require","line":1229,"method":"require","native":false}]}
{"date":"Fri Oct 20 2023 13:48:46 GMT+0200 (Central European Summer Time)","error":{"diagnosticCodes":[1109]},"exception":true,"level":"error","message":"uncaughtException: ⨯ Unable to compile TypeScript:\n\u001b[96msrc/app/component/data-access/read-from-file.ts\u001b[0m:\u001b[93m17\u001b[0m:\u001b[93m5\u001b[0m - \u001b[91merror\u001b[0m\u001b[90m TS1109: \u001b[0mExpression expected.\r\n\r\n\u001b[7m17\u001b[0m     }\r\n\u001b[7m  \u001b[0m \u001b[91m    ~\u001b[0m\r\n\nTSError: ⨯ Unable to compile TypeScript:\n\u001b[96msrc/app/component/data-access/read-from-file.ts\u001b[0m:\u001b[93m17\u001b[0m:\u001b[93m5\u001b[0m - \u001b[91merror\u001b[0m\u001b[90m TS1109: \u001b[0mExpression expected.\r\n\r\n\u001b[7m17\u001b[0m     }\r\n\u001b[7m  \u001b[0m \u001b[91m    ~\u001b[0m\r\n\n    at createTSError (C:\\Users\\eleni\\OneDrive\\Desktop\\authentication-ms\\node_modules\\ts-node\\src\\index.ts:859:12)\n    at reportTSError (C:\\Users\\eleni\\OneDrive\\Desktop\\authentication-ms\\node_modules\\ts-node\\src\\index.ts:863:19)\n    at C:\\Users\\eleni\\OneDrive\\Desktop\\authentication-ms\\node_modules\\ts-node\\src\\index.ts:1379:34\n    at Object.compile (C:\\Users\\eleni\\OneDrive\\Desktop\\authentication-ms\\node_modules\\ts-node\\src\\index.ts:1458:13)\n    at Module.m._compile (C:\\Users\\eleni\\OneDrive\\Desktop\\authentication-ms\\node_modules\\ts-node\\src\\index.ts:1617:30)\n    at Module._extensions..js (node:internal/modules/cjs/loader:1427:10)\n    at Object.require.extensions.<computed> [as .ts] (C:\\Users\\eleni\\OneDrive\\Desktop\\authentication-ms\\node_modules\\ts-node\\src\\index.ts:1621:12)\n    at Module.load (node:internal/modules/cjs/loader:1201:32)\n    at Function.Module._load (node:internal/modules/cjs/loader:1017:12)\n    at Module.require (node:internal/modules/cjs/loader:1229:19)","os":{"loadavg":[0,0,0],"uptime":349374.625},"process":{"argv":["C:\\Users\\eleni\\OneDrive\\Desktop\\authentication-ms\\node_modules\\ts-node\\dist\\bin.js","C:\\Users\\eleni\\OneDrive\\Desktop\\authentication-ms\\src\\app\\index.ts"],"cwd":"C:\\Users\\eleni\\OneDrive\\Desktop\\authentication-ms","execPath":"C:\\Users\\eleni\\OneDrive\\Desktop\\authentication-ms\\node_modules\\node\\bin\\node.exe","gid":null,"memoryUsage":{"arrayBuffers":1935427,"external":4879040,"heapTotal":68120576,"heapUsed":42270216,"rss":92594176},"pid":43532,"uid":null,"version":"v21.0.0"},"stack":"TSError: ⨯ Unable to compile TypeScript:\n\u001b[96msrc/app/component/data-access/read-from-file.ts\u001b[0m:\u001b[93m17\u001b[0m:\u001b[93m5\u001b[0m - \u001b[91merror\u001b[0m\u001b[90m TS1109: \u001b[0mExpression expected.\r\n\r\n\u001b[7m17\u001b[0m     }\r\n\u001b[7m  \u001b[0m \u001b[91m    ~\u001b[0m\r\n\n    at createTSError (C:\\Users\\eleni\\OneDrive\\Desktop\\authentication-ms\\node_modules\\ts-node\\src\\index.ts:859:12)\n    at reportTSError (C:\\Users\\eleni\\OneDrive\\Desktop\\authentication-ms\\node_modules\\ts-node\\src\\index.ts:863:19)\n    at C:\\Users\\eleni\\OneDrive\\Desktop\\authentication-ms\\node_modules\\ts-node\\src\\index.ts:1379:34\n    at Object.compile (C:\\Users\\eleni\\OneDrive\\Desktop\\authentication-ms\\node_modules\\ts-node\\src\\index.ts:1458:13)\n    at Module.m._compile (C:\\Users\\eleni\\OneDrive\\Desktop\\authentication-ms\\node_modules\\ts-node\\src\\index.ts:1617:30)\n    at Module._extensions..js (node:internal/modules/cjs/loader:1427:10)\n    at Object.require.extensions.<computed> [as .ts] (C:\\Users\\eleni\\OneDrive\\Desktop\\authentication-ms\\node_modules\\ts-node\\src\\index.ts:1621:12)\n    at Module.load (node:internal/modules/cjs/loader:1201:32)\n    at Function.Module._load (node:internal/modules/cjs/loader:1017:12)\n    at Module.require (node:internal/modules/cjs/loader:1229:19)","timestamp":"2023-10-20 13:48:46","trace":[{"column":12,"file":"C:\\Users\\eleni\\OneDrive\\Desktop\\authentication-ms\\node_modules\\ts-node\\src\\index.ts","function":"createTSError","line":859,"method":null,"native":false},{"column":19,"file":"C:\\Users\\eleni\\OneDrive\\Desktop\\authentication-ms\\node_modules\\ts-node\\src\\index.ts","function":"reportTSError","line":863,"method":null,"native":false},{"column":34,"file":"C:\\Users\\eleni\\OneDrive\\Desktop\\authentication-ms\\node_modules\\ts-node\\src\\index.ts","function":null,"line":1379,"method":null,"native":false},{"column":13,"file":"C:\\Users\\eleni\\OneDrive\\Desktop\\authentication-ms\\node_modules\\ts-node\\src\\index.ts","function":"Object.compile","line":1458,"method":"compile","native":false},{"column":30,"file":"C:\\Users\\eleni\\OneDrive\\Desktop\\authentication-ms\\node_modules\\ts-node\\src\\index.ts","function":"Module.m._compile","line":1617,"method":"_compile","native":false},{"column":10,"file":"node:internal/modules/cjs/loader","function":"Module._extensions..js","line":1427,"method":".js","native":false},{"column":12,"file":"C:\\Users\\eleni\\OneDrive\\Desktop\\authentication-ms\\node_modules\\ts-node\\src\\index.ts","function":"Object.require.extensions.<computed> [as .ts]","line":1621,"method":"ts]","native":false},{"column":32,"file":"node:internal/modules/cjs/loader","function":"Module.load","line":1201,"method":"load","native":false},{"column":12,"file":"node:internal/modules/cjs/loader","function":"Module._load","line":1017,"method":"_load","native":false},{"column":19,"file":"node:internal/modules/cjs/loader","function":"Module.require","line":1229,"method":"require","native":false}]}
{"date":"Fri Oct 20 2023 13:48:48 GMT+0200 (Central European Summer Time)","error":{"diagnosticCodes":[1109]},"exception":true,"level":"error","message":"uncaughtException: ⨯ Unable to compile TypeScript:\n\u001b[96msrc/app/component/data-access/read-from-file.ts\u001b[0m:\u001b[93m17\u001b[0m:\u001b[93m5\u001b[0m - \u001b[91merror\u001b[0m\u001b[90m TS1109: \u001b[0mExpression expected.\r\n\r\n\u001b[7m17\u001b[0m     }\r\n\u001b[7m  \u001b[0m \u001b[91m    ~\u001b[0m\r\n\nTSError: ⨯ Unable to compile TypeScript:\n\u001b[96msrc/app/component/data-access/read-from-file.ts\u001b[0m:\u001b[93m17\u001b[0m:\u001b[93m5\u001b[0m - \u001b[91merror\u001b[0m\u001b[90m TS1109: \u001b[0mExpression expected.\r\n\r\n\u001b[7m17\u001b[0m     }\r\n\u001b[7m  \u001b[0m \u001b[91m    ~\u001b[0m\r\n\n    at createTSError (C:\\Users\\eleni\\OneDrive\\Desktop\\authentication-ms\\node_modules\\ts-node\\src\\index.ts:859:12)\n    at reportTSError (C:\\Users\\eleni\\OneDrive\\Desktop\\authentication-ms\\node_modules\\ts-node\\src\\index.ts:863:19)\n    at C:\\Users\\eleni\\OneDrive\\Desktop\\authentication-ms\\node_modules\\ts-node\\src\\index.ts:1379:34\n    at Object.compile (C:\\Users\\eleni\\OneDrive\\Desktop\\authentication-ms\\node_modules\\ts-node\\src\\index.ts:1458:13)\n    at Module.m._compile (C:\\Users\\eleni\\OneDrive\\Desktop\\authentication-ms\\node_modules\\ts-node\\src\\index.ts:1617:30)\n    at Module._extensions..js (node:internal/modules/cjs/loader:1427:10)\n    at Object.require.extensions.<computed> [as .ts] (C:\\Users\\eleni\\OneDrive\\Desktop\\authentication-ms\\node_modules\\ts-node\\src\\index.ts:1621:12)\n    at Module.load (node:internal/modules/cjs/loader:1201:32)\n    at Function.Module._load (node:internal/modules/cjs/loader:1017:12)\n    at Module.require (node:internal/modules/cjs/loader:1229:19)","os":{"loadavg":[0,0,0],"uptime":349376.531},"process":{"argv":["C:\\Users\\eleni\\OneDrive\\Desktop\\authentication-ms\\node_modules\\ts-node\\dist\\bin.js","C:\\Users\\eleni\\OneDrive\\Desktop\\authentication-ms\\src\\app\\index.ts"],"cwd":"C:\\Users\\eleni\\OneDrive\\Desktop\\authentication-ms","execPath":"C:\\Users\\eleni\\OneDrive\\Desktop\\authentication-ms\\node_modules\\node\\bin\\node.exe","gid":null,"memoryUsage":{"arrayBuffers":1943555,"external":4866667,"heapTotal":68120576,"heapUsed":48135032,"rss":91213824},"pid":33256,"uid":null,"version":"v21.0.0"},"stack":"TSError: ⨯ Unable to compile TypeScript:\n\u001b[96msrc/app/component/data-access/read-from-file.ts\u001b[0m:\u001b[93m17\u001b[0m:\u001b[93m5\u001b[0m - \u001b[91merror\u001b[0m\u001b[90m TS1109: \u001b[0mExpression expected.\r\n\r\n\u001b[7m17\u001b[0m     }\r\n\u001b[7m  \u001b[0m \u001b[91m    ~\u001b[0m\r\n\n    at createTSError (C:\\Users\\eleni\\OneDrive\\Desktop\\authentication-ms\\node_modules\\ts-node\\src\\index.ts:859:12)\n    at reportTSError (C:\\Users\\eleni\\OneDrive\\Desktop\\authentication-ms\\node_modules\\ts-node\\src\\index.ts:863:19)\n    at C:\\Users\\eleni\\OneDrive\\Desktop\\authentication-ms\\node_modules\\ts-node\\src\\index.ts:1379:34\n    at Object.compile (C:\\Users\\eleni\\OneDrive\\Desktop\\authentication-ms\\node_modules\\ts-node\\src\\index.ts:1458:13)\n    at Module.m._compile (C:\\Users\\eleni\\OneDrive\\Desktop\\authentication-ms\\node_modules\\ts-node\\src\\index.ts:1617:30)\n    at Module._extensions..js (node:internal/modules/cjs/loader:1427:10)\n    at Object.require.extensions.<computed> [as .ts] (C:\\Users\\eleni\\OneDrive\\Desktop\\authentication-ms\\node_modules\\ts-node\\src\\index.ts:1621:12)\n    at Module.load (node:internal/modules/cjs/loader:1201:32)\n    at Function.Module._load (node:internal/modules/cjs/loader:1017:12)\n    at Module.require (node:internal/modules/cjs/loader:1229:19)","timestamp":"2023-10-20 13:48:48","trace":[{"column":12,"file":"C:\\Users\\eleni\\OneDrive\\Desktop\\authentication-ms\\node_modules\\ts-node\\src\\index.ts","function":"createTSError","line":859,"method":null,"native":false},{"column":19,"file":"C:\\Users\\eleni\\OneDrive\\Desktop\\authentication-ms\\node_modules\\ts-node\\src\\index.ts","function":"reportTSError","line":863,"method":null,"native":false},{"column":34,"file":"C:\\Users\\eleni\\OneDrive\\Desktop\\authentication-ms\\node_modules\\ts-node\\src\\index.ts","function":null,"line":1379,"method":null,"native":false},{"column":13,"file":"C:\\Users\\eleni\\OneDrive\\Desktop\\authentication-ms\\node_modules\\ts-node\\src\\index.ts","function":"Object.compile","line":1458,"method":"compile","native":false},{"column":30,"file":"C:\\Users\\eleni\\OneDrive\\Desktop\\authentication-ms\\node_modules\\ts-node\\src\\index.ts","function":"Module.m._compile","line":1617,"method":"_compile","native":false},{"column":10,"file":"node:internal/modules/cjs/loader","function":"Module._extensions..js","line":1427,"method":".js","native":false},{"column":12,"file":"C:\\Users\\eleni\\OneDrive\\Desktop\\authentication-ms\\node_modules\\ts-node\\src\\index.ts","function":"Object.require.extensions.<computed> [as .ts]","line":1621,"method":"ts]","native":false},{"column":32,"file":"node:internal/modules/cjs/loader","function":"Module.load","line":1201,"method":"load","native":false},{"column":12,"file":"node:internal/modules/cjs/loader","function":"Module._load","line":1017,"method":"_load","native":false},{"column":19,"file":"node:internal/modules/cjs/loader","function":"Module.require","line":1229,"method":"require","native":false}]}
{"date":"Fri Oct 20 2023 13:48:51 GMT+0200 (Central European Summer Time)","error":{"diagnosticCodes":[1005]},"exception":true,"level":"error","message":"uncaughtException: ⨯ Unable to compile TypeScript:\n\u001b[96msrc/app/component/data-access/read-from-file.ts\u001b[0m:\u001b[93m19\u001b[0m:\u001b[93m2\u001b[0m - \u001b[91merror\u001b[0m\u001b[90m TS1005: \u001b[0m'}' expected.\r\n\r\n\u001b[7m19\u001b[0m }\r\n\u001b[7m  \u001b[0m \u001b[91m \u001b[0m\r\n\r\n  \u001b[96msrc/app/component/data-access/read-from-file.ts\u001b[0m:\u001b[93m3\u001b[0m:\u001b[93m62\u001b[0m\r\n    \u001b[7m3\u001b[0m export default function makeReadFromFile({readFile, logger}) {\r\n    \u001b[7m \u001b[0m \u001b[96m                                                             ~\u001b[0m\r\n    The parser expected to find a '}' to match the '{' token here.\r\n\nTSError: ⨯ Unable to compile TypeScript:\n\u001b[96msrc/app/component/data-access/read-from-file.ts\u001b[0m:\u001b[93m19\u001b[0m:\u001b[93m2\u001b[0m - \u001b[91merror\u001b[0m\u001b[90m TS1005: \u001b[0m'}' expected.\r\n\r\n\u001b[7m19\u001b[0m }\r\n\u001b[7m  \u001b[0m \u001b[91m \u001b[0m\r\n\r\n  \u001b[96msrc/app/component/data-access/read-from-file.ts\u001b[0m:\u001b[93m3\u001b[0m:\u001b[93m62\u001b[0m\r\n    \u001b[7m3\u001b[0m export default function makeReadFromFile({readFile, logger}) {\r\n    \u001b[7m \u001b[0m \u001b[96m                                                             ~\u001b[0m\r\n    The parser expected to find a '}' to match the '{' token here.\r\n\n    at createTSError (C:\\Users\\eleni\\OneDrive\\Desktop\\authentication-ms\\node_modules\\ts-node\\src\\index.ts:859:12)\n    at reportTSError (C:\\Users\\eleni\\OneDrive\\Desktop\\authentication-ms\\node_modules\\ts-node\\src\\index.ts:863:19)\n    at C:\\Users\\eleni\\OneDrive\\Desktop\\authentication-ms\\node_modules\\ts-node\\src\\index.ts:1379:34\n    at Object.compile (C:\\Users\\eleni\\OneDrive\\Desktop\\authentication-ms\\node_modules\\ts-node\\src\\index.ts:1458:13)\n    at Module.m._compile (C:\\Users\\eleni\\OneDrive\\Desktop\\authentication-ms\\node_modules\\ts-node\\src\\index.ts:1617:30)\n    at Module._extensions..js (node:internal/modules/cjs/loader:1427:10)\n    at Object.require.extensions.<computed> [as .ts] (C:\\Users\\eleni\\OneDrive\\Desktop\\authentication-ms\\node_modules\\ts-node\\src\\index.ts:1621:12)\n    at Module.load (node:internal/modules/cjs/loader:1201:32)\n    at Function.Module._load (node:internal/modules/cjs/loader:1017:12)\n    at Module.require (node:internal/modules/cjs/loader:1229:19)","os":{"loadavg":[0,0,0],"uptime":349379.015},"process":{"argv":["C:\\Users\\eleni\\OneDrive\\Desktop\\authentication-ms\\node_modules\\ts-node\\dist\\bin.js","C:\\Users\\eleni\\OneDrive\\Desktop\\authentication-ms\\src\\app\\index.ts"],"cwd":"C:\\Users\\eleni\\OneDrive\\Desktop\\authentication-ms","execPath":"C:\\Users\\eleni\\OneDrive\\Desktop\\authentication-ms\\node_modules\\node\\bin\\node.exe","gid":null,"memoryUsage":{"arrayBuffers":2883483,"external":5806595,"heapTotal":68120576,"heapUsed":48205080,"rss":91619328},"pid":26816,"uid":null,"version":"v21.0.0"},"stack":"TSError: ⨯ Unable to compile TypeScript:\n\u001b[96msrc/app/component/data-access/read-from-file.ts\u001b[0m:\u001b[93m19\u001b[0m:\u001b[93m2\u001b[0m - \u001b[91merror\u001b[0m\u001b[90m TS1005: \u001b[0m'}' expected.\r\n\r\n\u001b[7m19\u001b[0m }\r\n\u001b[7m  \u001b[0m \u001b[91m \u001b[0m\r\n\r\n  \u001b[96msrc/app/component/data-access/read-from-file.ts\u001b[0m:\u001b[93m3\u001b[0m:\u001b[93m62\u001b[0m\r\n    \u001b[7m3\u001b[0m export default function makeReadFromFile({readFile, logger}) {\r\n    \u001b[7m \u001b[0m \u001b[96m                                                             ~\u001b[0m\r\n    The parser expected to find a '}' to match the '{' token here.\r\n\n    at createTSError (C:\\Users\\eleni\\OneDrive\\Desktop\\authentication-ms\\node_modules\\ts-node\\src\\index.ts:859:12)\n    at reportTSError (C:\\Users\\eleni\\OneDrive\\Desktop\\authentication-ms\\node_modules\\ts-node\\src\\index.ts:863:19)\n    at C:\\Users\\eleni\\OneDrive\\Desktop\\authentication-ms\\node_modules\\ts-node\\src\\index.ts:1379:34\n    at Object.compile (C:\\Users\\eleni\\OneDrive\\Desktop\\authentication-ms\\node_modules\\ts-node\\src\\index.ts:1458:13)\n    at Module.m._compile (C:\\Users\\eleni\\OneDrive\\Desktop\\authentication-ms\\node_modules\\ts-node\\src\\index.ts:1617:30)\n    at Module._extensions..js (node:internal/modules/cjs/loader:1427:10)\n    at Object.require.extensions.<computed> [as .ts] (C:\\Users\\eleni\\OneDrive\\Desktop\\authentication-ms\\node_modules\\ts-node\\src\\index.ts:1621:12)\n    at Module.load (node:internal/modules/cjs/loader:1201:32)\n    at Function.Module._load (node:internal/modules/cjs/loader:1017:12)\n    at Module.require (node:internal/modules/cjs/loader:1229:19)","timestamp":"2023-10-20 13:48:51","trace":[{"column":12,"file":"C:\\Users\\eleni\\OneDrive\\Desktop\\authentication-ms\\node_modules\\ts-node\\src\\index.ts","function":"createTSError","line":859,"method":null,"native":false},{"column":19,"file":"C:\\Users\\eleni\\OneDrive\\Desktop\\authentication-ms\\node_modules\\ts-node\\src\\index.ts","function":"reportTSError","line":863,"method":null,"native":false},{"column":34,"file":"C:\\Users\\eleni\\OneDrive\\Desktop\\authentication-ms\\node_modules\\ts-node\\src\\index.ts","function":null,"line":1379,"method":null,"native":false},{"column":13,"file":"C:\\Users\\eleni\\OneDrive\\Desktop\\authentication-ms\\node_modules\\ts-node\\src\\index.ts","function":"Object.compile","line":1458,"method":"compile","native":false},{"column":30,"file":"C:\\Users\\eleni\\OneDrive\\Desktop\\authentication-ms\\node_modules\\ts-node\\src\\index.ts","function":"Module.m._compile","line":1617,"method":"_compile","native":false},{"column":10,"file":"node:internal/modules/cjs/loader","function":"Module._extensions..js","line":1427,"method":".js","native":false},{"column":12,"file":"C:\\Users\\eleni\\OneDrive\\Desktop\\authentication-ms\\node_modules\\ts-node\\src\\index.ts","function":"Object.require.extensions.<computed> [as .ts]","line":1621,"method":"ts]","native":false},{"column":32,"file":"node:internal/modules/cjs/loader","function":"Module.load","line":1201,"method":"load","native":false},{"column":12,"file":"node:internal/modules/cjs/loader","function":"Module._load","line":1017,"method":"_load","native":false},{"column":19,"file":"node:internal/modules/cjs/loader","function":"Module.require","line":1229,"method":"require","native":false}]}
{"date":"Fri Oct 20 2023 13:48:55 GMT+0200 (Central European Summer Time)","error":{"diagnosticCodes":[1109]},"exception":true,"level":"error","message":"uncaughtException: ⨯ Unable to compile TypeScript:\n\u001b[96msrc/app/component/data-access/read-from-file.ts\u001b[0m:\u001b[93m17\u001b[0m:\u001b[93m5\u001b[0m - \u001b[91merror\u001b[0m\u001b[90m TS1109: \u001b[0mExpression expected.\r\n\r\n\u001b[7m17\u001b[0m     }\r\n\u001b[7m  \u001b[0m \u001b[91m    ~\u001b[0m\r\n\nTSError: ⨯ Unable to compile TypeScript:\n\u001b[96msrc/app/component/data-access/read-from-file.ts\u001b[0m:\u001b[93m17\u001b[0m:\u001b[93m5\u001b[0m - \u001b[91merror\u001b[0m\u001b[90m TS1109: \u001b[0mExpression expected.\r\n\r\n\u001b[7m17\u001b[0m     }\r\n\u001b[7m  \u001b[0m \u001b[91m    ~\u001b[0m\r\n\n    at createTSError (C:\\Users\\eleni\\OneDrive\\Desktop\\authentication-ms\\node_modules\\ts-node\\src\\index.ts:859:12)\n    at reportTSError (C:\\Users\\eleni\\OneDrive\\Desktop\\authentication-ms\\node_modules\\ts-node\\src\\index.ts:863:19)\n    at C:\\Users\\eleni\\OneDrive\\Desktop\\authentication-ms\\node_modules\\ts-node\\src\\index.ts:1379:34\n    at Object.compile (C:\\Users\\eleni\\OneDrive\\Desktop\\authentication-ms\\node_modules\\ts-node\\src\\index.ts:1458:13)\n    at Module.m._compile (C:\\Users\\eleni\\OneDrive\\Desktop\\authentication-ms\\node_modules\\ts-node\\src\\index.ts:1617:30)\n    at Module._extensions..js (node:internal/modules/cjs/loader:1427:10)\n    at Object.require.extensions.<computed> [as .ts] (C:\\Users\\eleni\\OneDrive\\Desktop\\authentication-ms\\node_modules\\ts-node\\src\\index.ts:1621:12)\n    at Module.load (node:internal/modules/cjs/loader:1201:32)\n    at Function.Module._load (node:internal/modules/cjs/loader:1017:12)\n    at Module.require (node:internal/modules/cjs/loader:1229:19)","os":{"loadavg":[0,0,0],"uptime":349383.078},"process":{"argv":["C:\\Users\\eleni\\OneDrive\\Desktop\\authentication-ms\\node_modules\\ts-node\\dist\\bin.js","C:\\Users\\eleni\\OneDrive\\Desktop\\authentication-ms\\src\\app\\index.ts"],"cwd":"C:\\Users\\eleni\\OneDrive\\Desktop\\authentication-ms","execPath":"C:\\Users\\eleni\\OneDrive\\Desktop\\authentication-ms\\node_modules\\node\\bin\\node.exe","gid":null,"memoryUsage":{"arrayBuffers":1935451,"external":4879064,"heapTotal":68120576,"heapUsed":42287376,"rss":93052928},"pid":42536,"uid":null,"version":"v21.0.0"},"stack":"TSError: ⨯ Unable to compile TypeScript:\n\u001b[96msrc/app/component/data-access/read-from-file.ts\u001b[0m:\u001b[93m17\u001b[0m:\u001b[93m5\u001b[0m - \u001b[91merror\u001b[0m\u001b[90m TS1109: \u001b[0mExpression expected.\r\n\r\n\u001b[7m17\u001b[0m     }\r\n\u001b[7m  \u001b[0m \u001b[91m    ~\u001b[0m\r\n\n    at createTSError (C:\\Users\\eleni\\OneDrive\\Desktop\\authentication-ms\\node_modules\\ts-node\\src\\index.ts:859:12)\n    at reportTSError (C:\\Users\\eleni\\OneDrive\\Desktop\\authentication-ms\\node_modules\\ts-node\\src\\index.ts:863:19)\n    at C:\\Users\\eleni\\OneDrive\\Desktop\\authentication-ms\\node_modules\\ts-node\\src\\index.ts:1379:34\n    at Object.compile (C:\\Users\\eleni\\OneDrive\\Desktop\\authentication-ms\\node_modules\\ts-node\\src\\index.ts:1458:13)\n    at Module.m._compile (C:\\Users\\eleni\\OneDrive\\Desktop\\authentication-ms\\node_modules\\ts-node\\src\\index.ts:1617:30)\n    at Module._extensions..js (node:internal/modules/cjs/loader:1427:10)\n    at Object.require.extensions.<computed> [as .ts] (C:\\Users\\eleni\\OneDrive\\Desktop\\authentication-ms\\node_modules\\ts-node\\src\\index.ts:1621:12)\n    at Module.load (node:internal/modules/cjs/loader:1201:32)\n    at Function.Module._load (node:internal/modules/cjs/loader:1017:12)\n    at Module.require (node:internal/modules/cjs/loader:1229:19)","timestamp":"2023-10-20 13:48:55","trace":[{"column":12,"file":"C:\\Users\\eleni\\OneDrive\\Desktop\\authentication-ms\\node_modules\\ts-node\\src\\index.ts","function":"createTSError","line":859,"method":null,"native":false},{"column":19,"file":"C:\\Users\\eleni\\OneDrive\\Desktop\\authentication-ms\\node_modules\\ts-node\\src\\index.ts","function":"reportTSError","line":863,"method":null,"native":false},{"column":34,"file":"C:\\Users\\eleni\\OneDrive\\Desktop\\authentication-ms\\node_modules\\ts-node\\src\\index.ts","function":null,"line":1379,"method":null,"native":false},{"column":13,"file":"C:\\Users\\eleni\\OneDrive\\Desktop\\authentication-ms\\node_modules\\ts-node\\src\\index.ts","function":"Object.compile","line":1458,"method":"compile","native":false},{"column":30,"file":"C:\\Users\\eleni\\OneDrive\\Desktop\\authentication-ms\\node_modules\\ts-node\\src\\index.ts","function":"Module.m._compile","line":1617,"method":"_compile","native":false},{"column":10,"file":"node:internal/modules/cjs/loader","function":"Module._extensions..js","line":1427,"method":".js","native":false},{"column":12,"file":"C:\\Users\\eleni\\OneDrive\\Desktop\\authentication-ms\\node_modules\\ts-node\\src\\index.ts","function":"Object.require.extensions.<computed> [as .ts]","line":1621,"method":"ts]","native":false},{"column":32,"file":"node:internal/modules/cjs/loader","function":"Module.load","line":1201,"method":"load","native":false},{"column":12,"file":"node:internal/modules/cjs/loader","function":"Module._load","line":1017,"method":"_load","native":false},{"column":19,"file":"node:internal/modules/cjs/loader","function":"Module.require","line":1229,"method":"require","native":false}]}
{"date":"Fri Oct 20 2023 18:07:58 GMT+0200 (Central European Summer Time)","error":{},"exception":true,"level":"error","message":"uncaughtException: getEP is not defined\nReferenceError: getEP is not defined\n    at Object.<anonymous> (C:\\Users\\eleni\\OneDrive\\Desktop\\authentication-ms\\src\\app\\component\\controller\\index.ts:32:53)\n    at Module._compile (node:internal/modules/cjs/loader:1369:14)\n    at Module.m._compile (C:\\Users\\eleni\\OneDrive\\Desktop\\authentication-ms\\node_modules\\ts-node\\src\\index.ts:1618:23)\n    at Module._extensions..js (node:internal/modules/cjs/loader:1427:10)\n    at Object.require.extensions.<computed> [as .ts] (C:\\Users\\eleni\\OneDrive\\Desktop\\authentication-ms\\node_modules\\ts-node\\src\\index.ts:1621:12)\n    at Module.load (node:internal/modules/cjs/loader:1201:32)\n    at Function.Module._load (node:internal/modules/cjs/loader:1017:12)\n    at Module.require (node:internal/modules/cjs/loader:1229:19)\n    at require (node:internal/modules/helpers:177:18)\n    at Object.<anonymous> (C:\\Users\\eleni\\OneDrive\\Desktop\\authentication-ms\\src\\app\\initializers\\express\\libs\\express.ts:7:1)","os":{"loadavg":[0,0,0],"uptime":364926.828},"process":{"argv":["C:\\Users\\eleni\\OneDrive\\Desktop\\authentication-ms\\node_modules\\ts-node\\dist\\bin.js","C:\\Users\\eleni\\OneDrive\\Desktop\\authentication-ms\\src\\app\\index.ts"],"cwd":"C:\\Users\\eleni\\OneDrive\\Desktop\\authentication-ms","execPath":"C:\\Users\\eleni\\OneDrive\\Desktop\\authentication-ms\\node_modules\\node\\bin\\node.exe","gid":null,"memoryUsage":{"arrayBuffers":1943547,"external":4866659,"heapTotal":68120576,"heapUsed":42619968,"rss":93540352},"pid":43752,"uid":null,"version":"v21.0.0"},"stack":"ReferenceError: getEP is not defined\n    at Object.<anonymous> (C:\\Users\\eleni\\OneDrive\\Desktop\\authentication-ms\\src\\app\\component\\controller\\index.ts:32:53)\n    at Module._compile (node:internal/modules/cjs/loader:1369:14)\n    at Module.m._compile (C:\\Users\\eleni\\OneDrive\\Desktop\\authentication-ms\\node_modules\\ts-node\\src\\index.ts:1618:23)\n    at Module._extensions..js (node:internal/modules/cjs/loader:1427:10)\n    at Object.require.extensions.<computed> [as .ts] (C:\\Users\\eleni\\OneDrive\\Desktop\\authentication-ms\\node_modules\\ts-node\\src\\index.ts:1621:12)\n    at Module.load (node:internal/modules/cjs/loader:1201:32)\n    at Function.Module._load (node:internal/modules/cjs/loader:1017:12)\n    at Module.require (node:internal/modules/cjs/loader:1229:19)\n    at require (node:internal/modules/helpers:177:18)\n    at Object.<anonymous> (C:\\Users\\eleni\\OneDrive\\Desktop\\authentication-ms\\src\\app\\initializers\\express\\libs\\express.ts:7:1)","timestamp":"2023-10-20 18:07:58","trace":[{"column":53,"file":"C:\\Users\\eleni\\OneDrive\\Desktop\\authentication-ms\\src\\app\\component\\controller\\index.ts","function":null,"line":32,"method":null,"native":false},{"column":14,"file":"node:internal/modules/cjs/loader","function":"Module._compile","line":1369,"method":"_compile","native":false},{"column":23,"file":"C:\\Users\\eleni\\OneDrive\\Desktop\\authentication-ms\\node_modules\\ts-node\\src\\index.ts","function":"Module.m._compile","line":1618,"method":"_compile","native":false},{"column":10,"file":"node:internal/modules/cjs/loader","function":"Module._extensions..js","line":1427,"method":".js","native":false},{"column":12,"file":"C:\\Users\\eleni\\OneDrive\\Desktop\\authentication-ms\\node_modules\\ts-node\\src\\index.ts","function":"Object.require.extensions.<computed> [as .ts]","line":1621,"method":"ts]","native":false},{"column":32,"file":"node:internal/modules/cjs/loader","function":"Module.load","line":1201,"method":"load","native":false},{"column":12,"file":"node:internal/modules/cjs/loader","function":"Module._load","line":1017,"method":"_load","native":false},{"column":19,"file":"node:internal/modules/cjs/loader","function":"Module.require","line":1229,"method":"require","native":false},{"column":18,"file":"node:internal/modules/helpers","function":"require","line":177,"method":null,"native":false},{"column":1,"file":"C:\\Users\\eleni\\OneDrive\\Desktop\\authentication-ms\\src\\app\\initializers\\express\\libs\\express.ts","function":null,"line":7,"method":null,"native":false}]}
{"date":"Fri Oct 20 2023 18:09:25 GMT+0200 (Central European Summer Time)","error":{},"exception":true,"level":"error","message":"uncaughtException: getEp is not defined\nReferenceError: getEp is not defined\n    at Object.<anonymous> (C:\\Users\\eleni\\OneDrive\\Desktop\\authentication-ms\\src\\app\\component\\controller\\index.ts:32:53)\n    at Module._compile (node:internal/modules/cjs/loader:1369:14)\n    at Module.m._compile (C:\\Users\\eleni\\OneDrive\\Desktop\\authentication-ms\\node_modules\\ts-node\\src\\index.ts:1618:23)\n    at Module._extensions..js (node:internal/modules/cjs/loader:1427:10)\n    at Object.require.extensions.<computed> [as .ts] (C:\\Users\\eleni\\OneDrive\\Desktop\\authentication-ms\\node_modules\\ts-node\\src\\index.ts:1621:12)\n    at Module.load (node:internal/modules/cjs/loader:1201:32)\n    at Function.Module._load (node:internal/modules/cjs/loader:1017:12)\n    at Module.require (node:internal/modules/cjs/loader:1229:19)\n    at require (node:internal/modules/helpers:177:18)\n    at Object.<anonymous> (C:\\Users\\eleni\\OneDrive\\Desktop\\authentication-ms\\src\\app\\initializers\\express\\libs\\express.ts:7:1)","os":{"loadavg":[0,0,0],"uptime":365013.156},"process":{"argv":["C:\\Users\\eleni\\OneDrive\\Desktop\\authentication-ms\\node_modules\\ts-node\\dist\\bin.js","C:\\Users\\eleni\\OneDrive\\Desktop\\authentication-ms\\src\\app\\index.ts"],"cwd":"C:\\Users\\eleni\\OneDrive\\Desktop\\authentication-ms","execPath":"C:\\Users\\eleni\\OneDrive\\Desktop\\authentication-ms\\node_modules\\node\\bin\\node.exe","gid":null,"memoryUsage":{"arrayBuffers":1943587,"external":4866699,"heapTotal":68382720,"heapUsed":42353400,"rss":93155328},"pid":42892,"uid":null,"version":"v21.0.0"},"stack":"ReferenceError: getEp is not defined\n    at Object.<anonymous> (C:\\Users\\eleni\\OneDrive\\Desktop\\authentication-ms\\src\\app\\component\\controller\\index.ts:32:53)\n    at Module._compile (node:internal/modules/cjs/loader:1369:14)\n    at Module.m._compile (C:\\Users\\eleni\\OneDrive\\Desktop\\authentication-ms\\node_modules\\ts-node\\src\\index.ts:1618:23)\n    at Module._extensions..js (node:internal/modules/cjs/loader:1427:10)\n    at Object.require.extensions.<computed> [as .ts] (C:\\Users\\eleni\\OneDrive\\Desktop\\authentication-ms\\node_modules\\ts-node\\src\\index.ts:1621:12)\n    at Module.load (node:internal/modules/cjs/loader:1201:32)\n    at Function.Module._load (node:internal/modules/cjs/loader:1017:12)\n    at Module.require (node:internal/modules/cjs/loader:1229:19)\n    at require (node:internal/modules/helpers:177:18)\n    at Object.<anonymous> (C:\\Users\\eleni\\OneDrive\\Desktop\\authentication-ms\\src\\app\\initializers\\express\\libs\\express.ts:7:1)","timestamp":"2023-10-20 18:09:25","trace":[{"column":53,"file":"C:\\Users\\eleni\\OneDrive\\Desktop\\authentication-ms\\src\\app\\component\\controller\\index.ts","function":null,"line":32,"method":null,"native":false},{"column":14,"file":"node:internal/modules/cjs/loader","function":"Module._compile","line":1369,"method":"_compile","native":false},{"column":23,"file":"C:\\Users\\eleni\\OneDrive\\Desktop\\authentication-ms\\node_modules\\ts-node\\src\\index.ts","function":"Module.m._compile","line":1618,"method":"_compile","native":false},{"column":10,"file":"node:internal/modules/cjs/loader","function":"Module._extensions..js","line":1427,"method":".js","native":false},{"column":12,"file":"C:\\Users\\eleni\\OneDrive\\Desktop\\authentication-ms\\node_modules\\ts-node\\src\\index.ts","function":"Object.require.extensions.<computed> [as .ts]","line":1621,"method":"ts]","native":false},{"column":32,"file":"node:internal/modules/cjs/loader","function":"Module.load","line":1201,"method":"load","native":false},{"column":12,"file":"node:internal/modules/cjs/loader","function":"Module._load","line":1017,"method":"_load","native":false},{"column":19,"file":"node:internal/modules/cjs/loader","function":"Module.require","line":1229,"method":"require","native":false},{"column":18,"file":"node:internal/modules/helpers","function":"require","line":177,"method":null,"native":false},{"column":1,"file":"C:\\Users\\eleni\\OneDrive\\Desktop\\authentication-ms\\src\\app\\initializers\\express\\libs\\express.ts","function":null,"line":7,"method":null,"native":false}]}
{"date":"Wed Oct 25 2023 16:22:08 GMT+0200 (Central European Summer Time)","error":{"code":"MODULE_NOT_FOUND","requireStack":["C:\\Users\\eleni\\OneDrive\\Documents\\GitHub\\nodejs-ms-boilerplate-eleni-vrabec\\src\\app\\initializers\\mongoDb\\index.ts","C:\\Users\\eleni\\OneDrive\\Documents\\GitHub\\nodejs-ms-boilerplate-eleni-vrabec\\src\\app\\initializers\\express\\libs\\mongoDb\\index.ts","C:\\Users\\eleni\\OneDrive\\Documents\\GitHub\\nodejs-ms-boilerplate-eleni-vrabec\\src\\app\\component\\data-access\\index.ts","C:\\Users\\eleni\\OneDrive\\Documents\\GitHub\\nodejs-ms-boilerplate-eleni-vrabec\\src\\app\\component\\use-cases\\index.ts","C:\\Users\\eleni\\OneDrive\\Documents\\GitHub\\nodejs-ms-boilerplate-eleni-vrabec\\src\\app\\component\\controller\\index.ts","C:\\Users\\eleni\\OneDrive\\Documents\\GitHub\\nodejs-ms-boilerplate-eleni-vrabec\\src\\app\\initializers\\express\\libs\\express.ts","C:\\Users\\eleni\\OneDrive\\Documents\\GitHub\\nodejs-ms-boilerplate-eleni-vrabec\\src\\app\\initializers\\express\\index.ts","C:\\Users\\eleni\\OneDrive\\Documents\\GitHub\\nodejs-ms-boilerplate-eleni-vrabec\\src\\app\\index.ts"]},"exception":true,"level":"error","message":"uncaughtException: Cannot find module '../../libs/logger'\nRequire stack:\n- C:\\Users\\eleni\\OneDrive\\Documents\\GitHub\\nodejs-ms-boilerplate-eleni-vrabec\\src\\app\\initializers\\mongoDb\\index.ts\n- C:\\Users\\eleni\\OneDrive\\Documents\\GitHub\\nodejs-ms-boilerplate-eleni-vrabec\\src\\app\\initializers\\express\\libs\\mongoDb\\index.ts\n- C:\\Users\\eleni\\OneDrive\\Documents\\GitHub\\nodejs-ms-boilerplate-eleni-vrabec\\src\\app\\component\\data-access\\index.ts\n- C:\\Users\\eleni\\OneDrive\\Documents\\GitHub\\nodejs-ms-boilerplate-eleni-vrabec\\src\\app\\component\\use-cases\\index.ts\n- C:\\Users\\eleni\\OneDrive\\Documents\\GitHub\\nodejs-ms-boilerplate-eleni-vrabec\\src\\app\\component\\controller\\index.ts\n- C:\\Users\\eleni\\OneDrive\\Documents\\GitHub\\nodejs-ms-boilerplate-eleni-vrabec\\src\\app\\initializers\\express\\libs\\express.ts\n- C:\\Users\\eleni\\OneDrive\\Documents\\GitHub\\nodejs-ms-boilerplate-eleni-vrabec\\src\\app\\initializers\\express\\index.ts\n- C:\\Users\\eleni\\OneDrive\\Documents\\GitHub\\nodejs-ms-boilerplate-eleni-vrabec\\src\\app\\index.ts\nError: Cannot find module '../../libs/logger'\nRequire stack:\n- C:\\Users\\eleni\\OneDrive\\Documents\\GitHub\\nodejs-ms-boilerplate-eleni-vrabec\\src\\app\\initializers\\mongoDb\\index.ts\n- C:\\Users\\eleni\\OneDrive\\Documents\\GitHub\\nodejs-ms-boilerplate-eleni-vrabec\\src\\app\\initializers\\express\\libs\\mongoDb\\index.ts\n- C:\\Users\\eleni\\OneDrive\\Documents\\GitHub\\nodejs-ms-boilerplate-eleni-vrabec\\src\\app\\component\\data-access\\index.ts\n- C:\\Users\\eleni\\OneDrive\\Documents\\GitHub\\nodejs-ms-boilerplate-eleni-vrabec\\src\\app\\component\\use-cases\\index.ts\n- C:\\Users\\eleni\\OneDrive\\Documents\\GitHub\\nodejs-ms-boilerplate-eleni-vrabec\\src\\app\\component\\controller\\index.ts\n- C:\\Users\\eleni\\OneDrive\\Documents\\GitHub\\nodejs-ms-boilerplate-eleni-vrabec\\src\\app\\initializers\\express\\libs\\express.ts\n- C:\\Users\\eleni\\OneDrive\\Documents\\GitHub\\nodejs-ms-boilerplate-eleni-vrabec\\src\\app\\initializers\\express\\index.ts\n- C:\\Users\\eleni\\OneDrive\\Documents\\GitHub\\nodejs-ms-boilerplate-eleni-vrabec\\src\\app\\index.ts\n    at Function.Module._resolveFilename (node:internal/modules/cjs/loader:1138:15)\n    at Function.Module._resolveFilename.sharedData.moduleResolveFilenameHook.installedValue [as _resolveFilename] (C:\\Users\\eleni\\OneDrive\\Documents\\GitHub\\nodejs-ms-boilerplate-eleni-vrabec\\node_modules\\@cspotcode\\source-map-support\\source-map-support.js:811:30)\n    at Function.Module._load (node:internal/modules/cjs/loader:979:27)\n    at Module.require (node:internal/modules/cjs/loader:1229:19)\n    at require (node:internal/modules/helpers:177:18)\n    at Object.<anonymous> (C:\\Users\\eleni\\OneDrive\\Documents\\GitHub\\nodejs-ms-boilerplate-eleni-vrabec\\src\\app\\initializers\\mongoDb\\index.ts:3:20)\n    at Module._compile (node:internal/modules/cjs/loader:1369:14)\n    at Module.m._compile (C:\\Users\\eleni\\OneDrive\\Documents\\GitHub\\nodejs-ms-boilerplate-eleni-vrabec\\node_modules\\ts-node\\src\\index.ts:1618:23)\n    at Module._extensions..js (node:internal/modules/cjs/loader:1427:10)\n    at Object.require.extensions.<computed> [as .ts] (C:\\Users\\eleni\\OneDrive\\Documents\\GitHub\\nodejs-ms-boilerplate-eleni-vrabec\\node_modules\\ts-node\\src\\index.ts:1621:12)","os":{"loadavg":[0,0,0],"uptime":790574.546},"process":{"argv":["C:\\Users\\eleni\\OneDrive\\Documents\\GitHub\\nodejs-ms-boilerplate-eleni-vrabec\\node_modules\\ts-node\\dist\\bin.js","C:\\Users\\eleni\\OneDrive\\Documents\\GitHub\\nodejs-ms-boilerplate-eleni-vrabec\\src\\app\\index.ts"],"cwd":"C:\\Users\\eleni\\OneDrive\\Documents\\GitHub\\nodejs-ms-boilerplate-eleni-vrabec","execPath":"C:\\Users\\eleni\\OneDrive\\Documents\\GitHub\\nodejs-ms-boilerplate-eleni-vrabec\\node_modules\\node\\bin\\node.exe","gid":null,"memoryUsage":{"arrayBuffers":19671877,"external":22723492,"heapTotal":77770752,"heapUsed":49306296,"rss":122441728},"pid":38696,"uid":null,"version":"v21.0.0"},"stack":"Error: Cannot find module '../../libs/logger'\nRequire stack:\n- C:\\Users\\eleni\\OneDrive\\Documents\\GitHub\\nodejs-ms-boilerplate-eleni-vrabec\\src\\app\\initializers\\mongoDb\\index.ts\n- C:\\Users\\eleni\\OneDrive\\Documents\\GitHub\\nodejs-ms-boilerplate-eleni-vrabec\\src\\app\\initializers\\express\\libs\\mongoDb\\index.ts\n- C:\\Users\\eleni\\OneDrive\\Documents\\GitHub\\nodejs-ms-boilerplate-eleni-vrabec\\src\\app\\component\\data-access\\index.ts\n- C:\\Users\\eleni\\OneDrive\\Documents\\GitHub\\nodejs-ms-boilerplate-eleni-vrabec\\src\\app\\component\\use-cases\\index.ts\n- C:\\Users\\eleni\\OneDrive\\Documents\\GitHub\\nodejs-ms-boilerplate-eleni-vrabec\\src\\app\\component\\controller\\index.ts\n- C:\\Users\\eleni\\OneDrive\\Documents\\GitHub\\nodejs-ms-boilerplate-eleni-vrabec\\src\\app\\initializers\\express\\libs\\express.ts\n- C:\\Users\\eleni\\OneDrive\\Documents\\GitHub\\nodejs-ms-boilerplate-eleni-vrabec\\src\\app\\initializers\\express\\index.ts\n- C:\\Users\\eleni\\OneDrive\\Documents\\GitHub\\nodejs-ms-boilerplate-eleni-vrabec\\src\\app\\index.ts\n    at Function.Module._resolveFilename (node:internal/modules/cjs/loader:1138:15)\n    at Function.Module._resolveFilename.sharedData.moduleResolveFilenameHook.installedValue [as _resolveFilename] (C:\\Users\\eleni\\OneDrive\\Documents\\GitHub\\nodejs-ms-boilerplate-eleni-vrabec\\node_modules\\@cspotcode\\source-map-support\\source-map-support.js:811:30)\n    at Function.Module._load (node:internal/modules/cjs/loader:979:27)\n    at Module.require (node:internal/modules/cjs/loader:1229:19)\n    at require (node:internal/modules/helpers:177:18)\n    at Object.<anonymous> (C:\\Users\\eleni\\OneDrive\\Documents\\GitHub\\nodejs-ms-boilerplate-eleni-vrabec\\src\\app\\initializers\\mongoDb\\index.ts:3:20)\n    at Module._compile (node:internal/modules/cjs/loader:1369:14)\n    at Module.m._compile (C:\\Users\\eleni\\OneDrive\\Documents\\GitHub\\nodejs-ms-boilerplate-eleni-vrabec\\node_modules\\ts-node\\src\\index.ts:1618:23)\n    at Module._extensions..js (node:internal/modules/cjs/loader:1427:10)\n    at Object.require.extensions.<computed> [as .ts] (C:\\Users\\eleni\\OneDrive\\Documents\\GitHub\\nodejs-ms-boilerplate-eleni-vrabec\\node_modules\\ts-node\\src\\index.ts:1621:12)","timestamp":"2023-10-25 16:22:08","trace":[{"column":15,"file":"node:internal/modules/cjs/loader","function":"Module._resolveFilename","line":1138,"method":"_resolveFilename","native":false},{"column":30,"file":"C:\\Users\\eleni\\OneDrive\\Documents\\GitHub\\nodejs-ms-boilerplate-eleni-vrabec\\node_modules\\@cspotcode\\source-map-support\\source-map-support.js","function":"Module._resolveFilename.sharedData.moduleResolveFilenameHook.installedValue [as _resolveFilename]","line":811,"method":"installedValue [as _resolveFilename]","native":false},{"column":27,"file":"node:internal/modules/cjs/loader","function":"Module._load","line":979,"method":"_load","native":false},{"column":19,"file":"node:internal/modules/cjs/loader","function":"Module.require","line":1229,"method":"require","native":false},{"column":18,"file":"node:internal/modules/helpers","function":"require","line":177,"method":null,"native":false},{"column":20,"file":"C:\\Users\\eleni\\OneDrive\\Documents\\GitHub\\nodejs-ms-boilerplate-eleni-vrabec\\src\\app\\initializers\\mongoDb\\index.ts","function":null,"line":3,"method":null,"native":false},{"column":14,"file":"node:internal/modules/cjs/loader","function":"Module._compile","line":1369,"method":"_compile","native":false},{"column":23,"file":"C:\\Users\\eleni\\OneDrive\\Documents\\GitHub\\nodejs-ms-boilerplate-eleni-vrabec\\node_modules\\ts-node\\src\\index.ts","function":"Module.m._compile","line":1618,"method":"_compile","native":false},{"column":10,"file":"node:internal/modules/cjs/loader","function":"Module._extensions..js","line":1427,"method":".js","native":false},{"column":12,"file":"C:\\Users\\eleni\\OneDrive\\Documents\\GitHub\\nodejs-ms-boilerplate-eleni-vrabec\\node_modules\\ts-node\\src\\index.ts","function":"Object.require.extensions.<computed> [as .ts]","line":1621,"method":"ts]","native":false}]}
{"date":"Wed Oct 25 2023 16:23:40 GMT+0200 (Central European Summer Time)","error":{"code":"MODULE_NOT_FOUND","requireStack":["C:\\Users\\eleni\\OneDrive\\Documents\\GitHub\\nodejs-ms-boilerplate-eleni-vrabec\\src\\app\\initializers\\mongoDb\\index.ts","C:\\Users\\eleni\\OneDrive\\Documents\\GitHub\\nodejs-ms-boilerplate-eleni-vrabec\\src\\app\\initializers\\express\\libs\\mongoDb\\index.ts","C:\\Users\\eleni\\OneDrive\\Documents\\GitHub\\nodejs-ms-boilerplate-eleni-vrabec\\src\\app\\component\\data-access\\index.ts","C:\\Users\\eleni\\OneDrive\\Documents\\GitHub\\nodejs-ms-boilerplate-eleni-vrabec\\src\\app\\component\\use-cases\\index.ts","C:\\Users\\eleni\\OneDrive\\Documents\\GitHub\\nodejs-ms-boilerplate-eleni-vrabec\\src\\app\\component\\controller\\index.ts","C:\\Users\\eleni\\OneDrive\\Documents\\GitHub\\nodejs-ms-boilerplate-eleni-vrabec\\src\\app\\initializers\\express\\libs\\express.ts","C:\\Users\\eleni\\OneDrive\\Documents\\GitHub\\nodejs-ms-boilerplate-eleni-vrabec\\src\\app\\initializers\\express\\index.ts","C:\\Users\\eleni\\OneDrive\\Documents\\GitHub\\nodejs-ms-boilerplate-eleni-vrabec\\src\\app\\index.ts"]},"exception":true,"level":"error","message":"uncaughtException: Cannot find module '../../libs/logger'\nRequire stack:\n- C:\\Users\\eleni\\OneDrive\\Documents\\GitHub\\nodejs-ms-boilerplate-eleni-vrabec\\src\\app\\initializers\\mongoDb\\index.ts\n- C:\\Users\\eleni\\OneDrive\\Documents\\GitHub\\nodejs-ms-boilerplate-eleni-vrabec\\src\\app\\initializers\\express\\libs\\mongoDb\\index.ts\n- C:\\Users\\eleni\\OneDrive\\Documents\\GitHub\\nodejs-ms-boilerplate-eleni-vrabec\\src\\app\\component\\data-access\\index.ts\n- C:\\Users\\eleni\\OneDrive\\Documents\\GitHub\\nodejs-ms-boilerplate-eleni-vrabec\\src\\app\\component\\use-cases\\index.ts\n- C:\\Users\\eleni\\OneDrive\\Documents\\GitHub\\nodejs-ms-boilerplate-eleni-vrabec\\src\\app\\component\\controller\\index.ts\n- C:\\Users\\eleni\\OneDrive\\Documents\\GitHub\\nodejs-ms-boilerplate-eleni-vrabec\\src\\app\\initializers\\express\\libs\\express.ts\n- C:\\Users\\eleni\\OneDrive\\Documents\\GitHub\\nodejs-ms-boilerplate-eleni-vrabec\\src\\app\\initializers\\express\\index.ts\n- C:\\Users\\eleni\\OneDrive\\Documents\\GitHub\\nodejs-ms-boilerplate-eleni-vrabec\\src\\app\\index.ts\nError: Cannot find module '../../libs/logger'\nRequire stack:\n- C:\\Users\\eleni\\OneDrive\\Documents\\GitHub\\nodejs-ms-boilerplate-eleni-vrabec\\src\\app\\initializers\\mongoDb\\index.ts\n- C:\\Users\\eleni\\OneDrive\\Documents\\GitHub\\nodejs-ms-boilerplate-eleni-vrabec\\src\\app\\initializers\\express\\libs\\mongoDb\\index.ts\n- C:\\Users\\eleni\\OneDrive\\Documents\\GitHub\\nodejs-ms-boilerplate-eleni-vrabec\\src\\app\\component\\data-access\\index.ts\n- C:\\Users\\eleni\\OneDrive\\Documents\\GitHub\\nodejs-ms-boilerplate-eleni-vrabec\\src\\app\\component\\use-cases\\index.ts\n- C:\\Users\\eleni\\OneDrive\\Documents\\GitHub\\nodejs-ms-boilerplate-eleni-vrabec\\src\\app\\component\\controller\\index.ts\n- C:\\Users\\eleni\\OneDrive\\Documents\\GitHub\\nodejs-ms-boilerplate-eleni-vrabec\\src\\app\\initializers\\express\\libs\\express.ts\n- C:\\Users\\eleni\\OneDrive\\Documents\\GitHub\\nodejs-ms-boilerplate-eleni-vrabec\\src\\app\\initializers\\express\\index.ts\n- C:\\Users\\eleni\\OneDrive\\Documents\\GitHub\\nodejs-ms-boilerplate-eleni-vrabec\\src\\app\\index.ts\n    at Function.Module._resolveFilename (node:internal/modules/cjs/loader:1138:15)\n    at Function.Module._resolveFilename.sharedData.moduleResolveFilenameHook.installedValue [as _resolveFilename] (C:\\Users\\eleni\\OneDrive\\Documents\\GitHub\\nodejs-ms-boilerplate-eleni-vrabec\\node_modules\\@cspotcode\\source-map-support\\source-map-support.js:811:30)\n    at Function.Module._load (node:internal/modules/cjs/loader:979:27)\n    at Module.require (node:internal/modules/cjs/loader:1229:19)\n    at require (node:internal/modules/helpers:177:18)\n    at Object.<anonymous> (C:\\Users\\eleni\\OneDrive\\Documents\\GitHub\\nodejs-ms-boilerplate-eleni-vrabec\\src\\app\\initializers\\mongoDb\\index.ts:3:20)\n    at Module._compile (node:internal/modules/cjs/loader:1369:14)\n    at Module.m._compile (C:\\Users\\eleni\\OneDrive\\Documents\\GitHub\\nodejs-ms-boilerplate-eleni-vrabec\\node_modules\\ts-node\\src\\index.ts:1618:23)\n    at Module._extensions..js (node:internal/modules/cjs/loader:1427:10)\n    at Object.require.extensions.<computed> [as .ts] (C:\\Users\\eleni\\OneDrive\\Documents\\GitHub\\nodejs-ms-boilerplate-eleni-vrabec\\node_modules\\ts-node\\src\\index.ts:1621:12)","os":{"loadavg":[0,0,0],"uptime":790665.75},"process":{"argv":["C:\\Users\\eleni\\OneDrive\\Documents\\GitHub\\nodejs-ms-boilerplate-eleni-vrabec\\node_modules\\ts-node\\dist\\bin.js","C:\\Users\\eleni\\OneDrive\\Documents\\GitHub\\nodejs-ms-boilerplate-eleni-vrabec\\src\\app\\index.ts"],"cwd":"C:\\Users\\eleni\\OneDrive\\Documents\\GitHub\\nodejs-ms-boilerplate-eleni-vrabec","execPath":"C:\\Users\\eleni\\OneDrive\\Documents\\GitHub\\nodejs-ms-boilerplate-eleni-vrabec\\node_modules\\node\\bin\\node.exe","gid":null,"memoryUsage":{"arrayBuffers":21551989,"external":24603604,"heapTotal":77508608,"heapUsed":49213472,"rss":117211136},"pid":18900,"uid":null,"version":"v21.0.0"},"stack":"Error: Cannot find module '../../libs/logger'\nRequire stack:\n- C:\\Users\\eleni\\OneDrive\\Documents\\GitHub\\nodejs-ms-boilerplate-eleni-vrabec\\src\\app\\initializers\\mongoDb\\index.ts\n- C:\\Users\\eleni\\OneDrive\\Documents\\GitHub\\nodejs-ms-boilerplate-eleni-vrabec\\src\\app\\initializers\\express\\libs\\mongoDb\\index.ts\n- C:\\Users\\eleni\\OneDrive\\Documents\\GitHub\\nodejs-ms-boilerplate-eleni-vrabec\\src\\app\\component\\data-access\\index.ts\n- C:\\Users\\eleni\\OneDrive\\Documents\\GitHub\\nodejs-ms-boilerplate-eleni-vrabec\\src\\app\\component\\use-cases\\index.ts\n- C:\\Users\\eleni\\OneDrive\\Documents\\GitHub\\nodejs-ms-boilerplate-eleni-vrabec\\src\\app\\component\\controller\\index.ts\n- C:\\Users\\eleni\\OneDrive\\Documents\\GitHub\\nodejs-ms-boilerplate-eleni-vrabec\\src\\app\\initializers\\express\\libs\\express.ts\n- C:\\Users\\eleni\\OneDrive\\Documents\\GitHub\\nodejs-ms-boilerplate-eleni-vrabec\\src\\app\\initializers\\express\\index.ts\n- C:\\Users\\eleni\\OneDrive\\Documents\\GitHub\\nodejs-ms-boilerplate-eleni-vrabec\\src\\app\\index.ts\n    at Function.Module._resolveFilename (node:internal/modules/cjs/loader:1138:15)\n    at Function.Module._resolveFilename.sharedData.moduleResolveFilenameHook.installedValue [as _resolveFilename] (C:\\Users\\eleni\\OneDrive\\Documents\\GitHub\\nodejs-ms-boilerplate-eleni-vrabec\\node_modules\\@cspotcode\\source-map-support\\source-map-support.js:811:30)\n    at Function.Module._load (node:internal/modules/cjs/loader:979:27)\n    at Module.require (node:internal/modules/cjs/loader:1229:19)\n    at require (node:internal/modules/helpers:177:18)\n    at Object.<anonymous> (C:\\Users\\eleni\\OneDrive\\Documents\\GitHub\\nodejs-ms-boilerplate-eleni-vrabec\\src\\app\\initializers\\mongoDb\\index.ts:3:20)\n    at Module._compile (node:internal/modules/cjs/loader:1369:14)\n    at Module.m._compile (C:\\Users\\eleni\\OneDrive\\Documents\\GitHub\\nodejs-ms-boilerplate-eleni-vrabec\\node_modules\\ts-node\\src\\index.ts:1618:23)\n    at Module._extensions..js (node:internal/modules/cjs/loader:1427:10)\n    at Object.require.extensions.<computed> [as .ts] (C:\\Users\\eleni\\OneDrive\\Documents\\GitHub\\nodejs-ms-boilerplate-eleni-vrabec\\node_modules\\ts-node\\src\\index.ts:1621:12)","timestamp":"2023-10-25 16:23:40","trace":[{"column":15,"file":"node:internal/modules/cjs/loader","function":"Module._resolveFilename","line":1138,"method":"_resolveFilename","native":false},{"column":30,"file":"C:\\Users\\eleni\\OneDrive\\Documents\\GitHub\\nodejs-ms-boilerplate-eleni-vrabec\\node_modules\\@cspotcode\\source-map-support\\source-map-support.js","function":"Module._resolveFilename.sharedData.moduleResolveFilenameHook.installedValue [as _resolveFilename]","line":811,"method":"installedValue [as _resolveFilename]","native":false},{"column":27,"file":"node:internal/modules/cjs/loader","function":"Module._load","line":979,"method":"_load","native":false},{"column":19,"file":"node:internal/modules/cjs/loader","function":"Module.require","line":1229,"method":"require","native":false},{"column":18,"file":"node:internal/modules/helpers","function":"require","line":177,"method":null,"native":false},{"column":20,"file":"C:\\Users\\eleni\\OneDrive\\Documents\\GitHub\\nodejs-ms-boilerplate-eleni-vrabec\\src\\app\\initializers\\mongoDb\\index.ts","function":null,"line":3,"method":null,"native":false},{"column":14,"file":"node:internal/modules/cjs/loader","function":"Module._compile","line":1369,"method":"_compile","native":false},{"column":23,"file":"C:\\Users\\eleni\\OneDrive\\Documents\\GitHub\\nodejs-ms-boilerplate-eleni-vrabec\\node_modules\\ts-node\\src\\index.ts","function":"Module.m._compile","line":1618,"method":"_compile","native":false},{"column":10,"file":"node:internal/modules/cjs/loader","function":"Module._extensions..js","line":1427,"method":".js","native":false},{"column":12,"file":"C:\\Users\\eleni\\OneDrive\\Documents\\GitHub\\nodejs-ms-boilerplate-eleni-vrabec\\node_modules\\ts-node\\src\\index.ts","function":"Object.require.extensions.<computed> [as .ts]","line":1621,"method":"ts]","native":false}]}
